/root/storage/implementation/shared_audio/test_for_audio_implicit/train_fullmap.py:72: UserWarning: The given NumPy array is not writable, and PyTorch does not support non-writable tensors. This means writing to this tensor will result in undefined behavior. You may want to copy the array to protect its data or make it writable before converting it to a tensor. This type of warning will be suppressed for the rest of this program. (Triggered internally at /pytorch/torch/csrc/utils/tensor_numpy.cpp:203.)
  t = torch.from_numpy(np.ascontiguousarray(a)).float()
[cfg] correction=cross_sup {'dataset_dir': '/root/storage/matterport3d_0303renew', 'cache_dir': 'cache_rir', 'img_h': 64, 'img_w': 128, 'max_depth': 10.0, 'sample_rate': 48000, 'in_ch': 5, 'model': 'raymlp', 'width': 48, 'embed_dim': 128, 'dim': 192, 'audio_dim': 256, 'use_xyz': True, 'use_fourier_pe': True, 'fourier_bands': 6, 'use_sh_pe': False, 'sh_order': 4, 'use_mic_pe': False, 'head_r': 0.0875, 'n_heads': 4, 'n_cross': 2, 'n_self': 2, 'use_depth_bins': False, 'n_bins': 64, 'hybrid_sh_order': 3, 'w_coarse': 0.5, 'w_res': 0.02, 'correction': 'cross_sup', 'coarse_h': 16, 'coarse_w': 32, 'corr_sh_order': 3, 'w_sh_aux': 1.0, 'init_decoder': '', 'freeze_decoder': False, 'res_scale': 0.3, 'w_res_sup': 1.0, 'w_tv': 0.01, 'chan_norm': True, 'n_rays': 2048, 'eval_chunk': 4096, 'epochs': 25, 'batch_size': 64, 'lr': 0.002, 'weight_decay': 0.0001, 'num_workers': 6, 'seed': 0, 'device': 'cuda', 'out_dir': 'out', 'run_name': 'A14_rir5_s0', 'audio_mode': 'stereo', 'shuffle_audio': False, 'mask_farfield': False, 'coarse_feat_dim': 39}
[model] params=6.27M
[train] 28800 (cache:cache_rir)
[val] 3543 (cache:cache_rir)
[ep 00]  39.0s  {'mae': 0.0903380737039778, 'rsup': 0.06422683297759957, 'tv': 0.003138665809410415}  val_MAE=1.1892m  alpha=+0.000
[ep 01]  38.4s  {'mae': 0.07853053255213631, 'rsup': 0.05188628111448553, 'tv': 0.004051407781015668}  val_MAE=1.1113m  alpha=+0.000
[ep 02]  38.8s  {'mae': 0.07718722071912554, 'rsup': 0.05150179529355632, 'tv': 0.004423394600032932}  val_MAE=1.0938m  alpha=+0.000
[ep 03]  38.8s  {'mae': 0.07622883392704857, 'rsup': 0.051094529140326715, 'tv': 0.00429880837444216}  val_MAE=1.0945m  alpha=+0.000
[ep 04]  38.8s  {'mae': 0.07478086605668068, 'rsup': 0.05113679962853591, 'tv': 0.004396431893110275}  val_MAE=1.1030m  alpha=+0.000
[ep 05]  38.9s  {'mae': 0.07357545183764563, 'rsup': 0.05096204599572553, 'tv': 0.004547819658182561}  val_MAE=1.0561m  alpha=+0.000
[ep 06]  40.3s  {'mae': 0.0728686429725753, 'rsup': 0.04794321198430326, 'tv': 0.0035662118557476673}  val_MAE=1.0645m  alpha=+0.000
[ep 07]  38.8s  {'mae': 0.07169738517039352, 'rsup': 0.03620823936329948, 'tv': 2.2761450687506606e-07}  val_MAE=1.0372m  alpha=+0.000
[ep 08]  38.8s  {'mae': 0.07072876657876703, 'rsup': 0.03554229902310504, 'tv': 3.4681704047696053e-07}  val_MAE=1.0355m  alpha=+0.000
[ep 09]  38.8s  {'mae': 0.06994355495605203, 'rsup': 0.03502269116954671, 'tv': 3.042078893445124e-06}  val_MAE=1.0362m  alpha=+0.000
[ep 10]  38.9s  {'mae': 0.06891357854836518, 'rsup': 0.03434245092173417, 'tv': 2.4428870645124926e-06}  val_MAE=1.0170m  alpha=+0.000
[ep 11]  38.8s  {'mae': 0.06807676566971672, 'rsup': 0.033971369018157324, 'tv': 4.832848181399483e-09}  val_MAE=1.0090m  alpha=+0.000
[ep 12]  38.8s  {'mae': 0.06701170172956254, 'rsup': 0.03324543913205465, 'tv': 8.35502695793898e-09}  val_MAE=1.0400m  alpha=+0.000
[ep 13]  38.9s  {'mae': 0.06584213982025783, 'rsup': 0.03250906917783949, 'tv': 1.2203168137227117e-08}  val_MAE=1.0342m  alpha=+0.000
[ep 14]  38.8s  {'mae': 0.06451994454695119, 'rsup': 0.03158002372417185, 'tv': 1.7154188779579094e-08}  val_MAE=1.0345m  alpha=+0.000
[ep 15]  38.8s  {'mae': 0.0632125154717101, 'rsup': 0.030842671568195024, 'tv': 2.9645067615528357e-08}  val_MAE=1.0159m  alpha=+0.000
[ep 16]  38.8s  {'mae': 0.061569224819540976, 'rsup': 0.02969911328620381, 'tv': 3.304006961555059e-08}  val_MAE=1.0321m  alpha=+0.000
[ep 17]  38.7s  {'mae': 0.060032102680868574, 'rsup': 0.028795949373808173, 'tv': 3.828811424947768e-08}  val_MAE=1.0408m  alpha=+0.000
[ep 18]  38.7s  {'mae': 0.058692482055889235, 'rsup': 0.02789547118047873, 'tv': 6.384500696220306e-08}  val_MAE=1.0405m  alpha=+0.000
[ep 19]  38.8s  {'mae': 0.05728294706179036, 'rsup': 0.02721283813731538, 'tv': 7.430448133128999e-08}  val_MAE=1.0369m  alpha=+0.000
[ep 20]  38.9s  {'mae': 0.056186439593633015, 'rsup': 0.02636437513348129, 'tv': 6.328560771922614e-08}  val_MAE=1.0447m  alpha=+0.000
[ep 21]  38.9s  {'mae': 0.05538550419939889, 'rsup': 0.02588250146764848, 'tv': 6.034607682892101e-08}  val_MAE=1.0523m  alpha=+0.000
[ep 22]  38.7s  {'mae': 0.05470446459121174, 'rsup': 0.02552905739388532, 'tv': 1.240218497697596e-07}  val_MAE=1.0536m  alpha=+0.000
[ep 23]  38.6s  {'mae': 0.054334490920106567, 'rsup': 0.025304838464491896, 'tv': 7.922723916130458e-08}  val_MAE=1.0576m  alpha=+0.000
[ep 24]  38.7s  {'mae': 0.054181158675087826, 'rsup': 0.02516891913281547, 'tv': 8.016217250883529e-08}  val_MAE=1.0578m  alpha=+0.000
[done] best val MAE = 1.0090 m -> out/A14_rir5_s0
