[test] 3600 (cache:cache_rir)
/root/storage/implementation/shared_audio/test_for_audio_implicit/data.py:37: UserWarning: The given NumPy array is not writable, and PyTorch does not support non-writable tensors. This means writing to this tensor will result in undefined behavior. You may want to copy the array to protect its data or make it writable before converting it to a tensor. This type of warning will be suppressed for the rest of this program. (Triggered internally at /pytorch/torch/csrc/utils/tensor_numpy.cpp:203.)
  d = {k: torch.from_numpy(np.ascontiguousarray(self.arr[k][i])).float()
/root/storage/implementation/shared_audio/test_for_audio_implicit/data.py:37: UserWarning: The given NumPy array is not writable, and PyTorch does not support non-writable tensors. This means writing to this tensor will result in undefined behavior. You may want to copy the array to protect its data or make it writable before converting it to a tensor. This type of warning will be suppressed for the rest of this program. (Triggered internally at /pytorch/torch/csrc/utils/tensor_numpy.cpp:203.)
  d = {k: torch.from_numpy(np.ascontiguousarray(self.arr[k][i])).float()
/root/storage/implementation/shared_audio/test_for_audio_implicit/data.py:37: UserWarning: The given NumPy array is not writable, and PyTorch does not support non-writable tensors. This means writing to this tensor will result in undefined behavior. You may want to copy the array to protect its data or make it writable before converting it to a tensor. This type of warning will be suppressed for the rest of this program. (Triggered internally at /pytorch/torch/csrc/utils/tensor_numpy.cpp:203.)
  d = {k: torch.from_numpy(np.ascontiguousarray(self.arr[k][i])).float()
/root/storage/implementation/shared_audio/test_for_audio_implicit/data.py:37: UserWarning: The given NumPy array is not writable, and PyTorch does not support non-writable tensors. This means writing to this tensor will result in undefined behavior. You may want to copy the array to protect its data or make it writable before converting it to a tensor. This type of warning will be suppressed for the rest of this program. (Triggered internally at /pytorch/torch/csrc/utils/tensor_numpy.cpp:203.)
  d = {k: torch.from_numpy(np.ascontiguousarray(self.arr[k][i])).float()
/root/storage/implementation/shared_audio/test_for_audio_implicit/data.py:37: UserWarning: The given NumPy array is not writable, and PyTorch does not support non-writable tensors. This means writing to this tensor will result in undefined behavior. You may want to copy the array to protect its data or make it writable before converting it to a tensor. This type of warning will be suppressed for the rest of this program. (Triggered internally at /pytorch/torch/csrc/utils/tensor_numpy.cpp:203.)
  d = {k: torch.from_numpy(np.ascontiguousarray(self.arr[k][i])).float()
/root/storage/implementation/shared_audio/test_for_audio_implicit/data.py:37: UserWarning: The given NumPy array is not writable, and PyTorch does not support non-writable tensors. This means writing to this tensor will result in undefined behavior. You may want to copy the array to protect its data or make it writable before converting it to a tensor. This type of warning will be suppressed for the rest of this program. (Triggered internally at /pytorch/torch/csrc/utils/tensor_numpy.cpp:203.)
  d = {k: torch.from_numpy(np.ascontiguousarray(self.arr[k][i])).float()
/root/storage/implementation/shared_audio/test_for_audio_implicit/data.py:37: UserWarning: The given NumPy array is not writable, and PyTorch does not support non-writable tensors. This means writing to this tensor will result in undefined behavior. You may want to copy the array to protect its data or make it writable before converting it to a tensor. This type of warning will be suppressed for the rest of this program. (Triggered internally at /pytorch/torch/csrc/utils/tensor_numpy.cpp:203.)
  d = {k: torch.from_numpy(np.ascontiguousarray(self.arr[k][i])).float()
/root/storage/implementation/shared_audio/test_for_audio_implicit/data.py:37: UserWarning: The given NumPy array is not writable, and PyTorch does not support non-writable tensors. This means writing to this tensor will result in undefined behavior. You may want to copy the array to protect its data or make it writable before converting it to a tensor. This type of warning will be suppressed for the rest of this program. (Triggered internally at /pytorch/torch/csrc/utils/tensor_numpy.cpp:203.)
  d = {k: torch.from_numpy(np.ascontiguousarray(self.arr[k][i])).float()
[test] corr=none MAE=0.7352 MAE_low=0.6339 SHcoefL1=0.3065 delta1=0.439
/root/storage/implementation/shared_audio/test_for_audio_implicit/data.py:37: UserWarning: The given NumPy array is not writable, and PyTorch does not support non-writable tensors. This means writing to this tensor will result in undefined behavior. You may want to copy the array to protect its data or make it writable before converting it to a tensor. This type of warning will be suppressed for the rest of this program. (Triggered internally at /pytorch/torch/csrc/utils/tensor_numpy.cpp:203.)
  d = {k: torch.from_numpy(np.ascontiguousarray(self.arr[k][i])).float()
/root/storage/implementation/shared_audio/test_for_audio_implicit/data.py:37: UserWarning: The given NumPy array is not writable, and PyTorch does not support non-writable tensors. This means writing to this tensor will result in undefined behavior. You may want to copy the array to protect its data or make it writable before converting it to a tensor. This type of warning will be suppressed for the rest of this program. (Triggered internally at /pytorch/torch/csrc/utils/tensor_numpy.cpp:203.)
  d = {k: torch.from_numpy(np.ascontiguousarray(self.arr[k][i])).float()
/root/storage/implementation/shared_audio/test_for_audio_implicit/data.py:37: UserWarning: The given NumPy array is not writable, and PyTorch does not support non-writable tensors. This means writing to this tensor will result in undefined behavior. You may want to copy the array to protect its data or make it writable before converting it to a tensor. This type of warning will be suppressed for the rest of this program. (Triggered internally at /pytorch/torch/csrc/utils/tensor_numpy.cpp:203.)
  d = {k: torch.from_numpy(np.ascontiguousarray(self.arr[k][i])).float()
/root/storage/implementation/shared_audio/test_for_audio_implicit/data.py:37: UserWarning: The given NumPy array is not writable, and PyTorch does not support non-writable tensors. This means writing to this tensor will result in undefined behavior. You may want to copy the array to protect its data or make it writable before converting it to a tensor. This type of warning will be suppressed for the rest of this program. (Triggered internally at /pytorch/torch/csrc/utils/tensor_numpy.cpp:203.)
  d = {k: torch.from_numpy(np.ascontiguousarray(self.arr[k][i])).float()
/root/storage/implementation/shared_audio/test_for_audio_implicit/data.py:37: UserWarning: The given NumPy array is not writable, and PyTorch does not support non-writable tensors. This means writing to this tensor will result in undefined behavior. You may want to copy the array to protect its data or make it writable before converting it to a tensor. This type of warning will be suppressed for the rest of this program. (Triggered internally at /pytorch/torch/csrc/utils/tensor_numpy.cpp:203.)
  d = {k: torch.from_numpy(np.ascontiguousarray(self.arr[k][i])).float()
/root/storage/implementation/shared_audio/test_for_audio_implicit/data.py:37: UserWarning: The given NumPy array is not writable, and PyTorch does not support non-writable tensors. This means writing to this tensor will result in undefined behavior. You may want to copy the array to protect its data or make it writable before converting it to a tensor. This type of warning will be suppressed for the rest of this program. (Triggered internally at /pytorch/torch/csrc/utils/tensor_numpy.cpp:203.)
  d = {k: torch.from_numpy(np.ascontiguousarray(self.arr[k][i])).float()
/root/storage/implementation/shared_audio/test_for_audio_implicit/data.py:37: UserWarning: The given NumPy array is not writable, and PyTorch does not support non-writable tensors. This means writing to this tensor will result in undefined behavior. You may want to copy the array to protect its data or make it writable before converting it to a tensor. This type of warning will be suppressed for the rest of this program. (Triggered internally at /pytorch/torch/csrc/utils/tensor_numpy.cpp:203.)
  d = {k: torch.from_numpy(np.ascontiguousarray(self.arr[k][i])).float()
/root/storage/implementation/shared_audio/test_for_audio_implicit/data.py:37: UserWarning: The given NumPy array is not writable, and PyTorch does not support non-writable tensors. This means writing to this tensor will result in undefined behavior. You may want to copy the array to protect its data or make it writable before converting it to a tensor. This type of warning will be suppressed for the rest of this program. (Triggered internally at /pytorch/torch/csrc/utils/tensor_numpy.cpp:203.)
  d = {k: torch.from_numpy(np.ascontiguousarray(self.arr[k][i])).float()
[mono] MAE=2.0039 MAE_low=1.9040
/root/storage/implementation/shared_audio/test_for_audio_implicit/data.py:37: UserWarning: The given NumPy array is not writable, and PyTorch does not support non-writable tensors. This means writing to this tensor will result in undefined behavior. You may want to copy the array to protect its data or make it writable before converting it to a tensor. This type of warning will be suppressed for the rest of this program. (Triggered internally at /pytorch/torch/csrc/utils/tensor_numpy.cpp:203.)
  d = {k: torch.from_numpy(np.ascontiguousarray(self.arr[k][i])).float()
/root/storage/implementation/shared_audio/test_for_audio_implicit/data.py:37: UserWarning: The given NumPy array is not writable, and PyTorch does not support non-writable tensors. This means writing to this tensor will result in undefined behavior. You may want to copy the array to protect its data or make it writable before converting it to a tensor. This type of warning will be suppressed for the rest of this program. (Triggered internally at /pytorch/torch/csrc/utils/tensor_numpy.cpp:203.)
  d = {k: torch.from_numpy(np.ascontiguousarray(self.arr[k][i])).float()
/root/storage/implementation/shared_audio/test_for_audio_implicit/data.py:37: UserWarning: The given NumPy array is not writable, and PyTorch does not support non-writable tensors. This means writing to this tensor will result in undefined behavior. You may want to copy the array to protect its data or make it writable before converting it to a tensor. This type of warning will be suppressed for the rest of this program. (Triggered internally at /pytorch/torch/csrc/utils/tensor_numpy.cpp:203.)
  d = {k: torch.from_numpy(np.ascontiguousarray(self.arr[k][i])).float()
/root/storage/implementation/shared_audio/test_for_audio_implicit/data.py:37: UserWarning: The given NumPy array is not writable, and PyTorch does not support non-writable tensors. This means writing to this tensor will result in undefined behavior. You may want to copy the array to protect its data or make it writable before converting it to a tensor. This type of warning will be suppressed for the rest of this program. (Triggered internally at /pytorch/torch/csrc/utils/tensor_numpy.cpp:203.)
  d = {k: torch.from_numpy(np.ascontiguousarray(self.arr[k][i])).float()
/root/storage/implementation/shared_audio/test_for_audio_implicit/data.py:37: UserWarning: The given NumPy array is not writable, and PyTorch does not support non-writable tensors. This means writing to this tensor will result in undefined behavior. You may want to copy the array to protect its data or make it writable before converting it to a tensor. This type of warning will be suppressed for the rest of this program. (Triggered internally at /pytorch/torch/csrc/utils/tensor_numpy.cpp:203.)
  d = {k: torch.from_numpy(np.ascontiguousarray(self.arr[k][i])).float()
/root/storage/implementation/shared_audio/test_for_audio_implicit/data.py:37: UserWarning: The given NumPy array is not writable, and PyTorch does not support non-writable tensors. This means writing to this tensor will result in undefined behavior. You may want to copy the array to protect its data or make it writable before converting it to a tensor. This type of warning will be suppressed for the rest of this program. (Triggered internally at /pytorch/torch/csrc/utils/tensor_numpy.cpp:203.)
  d = {k: torch.from_numpy(np.ascontiguousarray(self.arr[k][i])).float()
/root/storage/implementation/shared_audio/test_for_audio_implicit/data.py:37: UserWarning: The given NumPy array is not writable, and PyTorch does not support non-writable tensors. This means writing to this tensor will result in undefined behavior. You may want to copy the array to protect its data or make it writable before converting it to a tensor. This type of warning will be suppressed for the rest of this program. (Triggered internally at /pytorch/torch/csrc/utils/tensor_numpy.cpp:203.)
  d = {k: torch.from_numpy(np.ascontiguousarray(self.arr[k][i])).float()
/root/storage/implementation/shared_audio/test_for_audio_implicit/data.py:37: UserWarning: The given NumPy array is not writable, and PyTorch does not support non-writable tensors. This means writing to this tensor will result in undefined behavior. You may want to copy the array to protect its data or make it writable before converting it to a tensor. This type of warning will be suppressed for the rest of this program. (Triggered internally at /pytorch/torch/csrc/utils/tensor_numpy.cpp:203.)
  d = {k: torch.from_numpy(np.ascontiguousarray(self.arr[k][i])).float()
[shuffle] MAE=0.9385 MAE_low=0.8365
/root/storage/implementation/shared_audio/test_for_audio_implicit/data.py:37: UserWarning: The given NumPy array is not writable, and PyTorch does not support non-writable tensors. This means writing to this tensor will result in undefined behavior. You may want to copy the array to protect its data or make it writable before converting it to a tensor. This type of warning will be suppressed for the rest of this program. (Triggered internally at /pytorch/torch/csrc/utils/tensor_numpy.cpp:203.)
  d = {k: torch.from_numpy(np.ascontiguousarray(self.arr[k][i])).float()
/root/storage/implementation/shared_audio/test_for_audio_implicit/data.py:37: UserWarning: The given NumPy array is not writable, and PyTorch does not support non-writable tensors. This means writing to this tensor will result in undefined behavior. You may want to copy the array to protect its data or make it writable before converting it to a tensor. This type of warning will be suppressed for the rest of this program. (Triggered internally at /pytorch/torch/csrc/utils/tensor_numpy.cpp:203.)
  d = {k: torch.from_numpy(np.ascontiguousarray(self.arr[k][i])).float()
/root/storage/implementation/shared_audio/test_for_audio_implicit/data.py:37: UserWarning: The given NumPy array is not writable, and PyTorch does not support non-writable tensors. This means writing to this tensor will result in undefined behavior. You may want to copy the array to protect its data or make it writable before converting it to a tensor. This type of warning will be suppressed for the rest of this program. (Triggered internally at /pytorch/torch/csrc/utils/tensor_numpy.cpp:203.)
  d = {k: torch.from_numpy(np.ascontiguousarray(self.arr[k][i])).float()
/root/storage/implementation/shared_audio/test_for_audio_implicit/data.py:37: UserWarning: The given NumPy array is not writable, and PyTorch does not support non-writable tensors. This means writing to this tensor will result in undefined behavior. You may want to copy the array to protect its data or make it writable before converting it to a tensor. This type of warning will be suppressed for the rest of this program. (Triggered internally at /pytorch/torch/csrc/utils/tensor_numpy.cpp:203.)
  d = {k: torch.from_numpy(np.ascontiguousarray(self.arr[k][i])).float()
/root/storage/implementation/shared_audio/test_for_audio_implicit/data.py:37: UserWarning: The given NumPy array is not writable, and PyTorch does not support non-writable tensors. This means writing to this tensor will result in undefined behavior. You may want to copy the array to protect its data or make it writable before converting it to a tensor. This type of warning will be suppressed for the rest of this program. (Triggered internally at /pytorch/torch/csrc/utils/tensor_numpy.cpp:203.)
  d = {k: torch.from_numpy(np.ascontiguousarray(self.arr[k][i])).float()
/root/storage/implementation/shared_audio/test_for_audio_implicit/data.py:37: UserWarning: The given NumPy array is not writable, and PyTorch does not support non-writable tensors. This means writing to this tensor will result in undefined behavior. You may want to copy the array to protect its data or make it writable before converting it to a tensor. This type of warning will be suppressed for the rest of this program. (Triggered internally at /pytorch/torch/csrc/utils/tensor_numpy.cpp:203.)
  d = {k: torch.from_numpy(np.ascontiguousarray(self.arr[k][i])).float()
/root/storage/implementation/shared_audio/test_for_audio_implicit/data.py:37: UserWarning: The given NumPy array is not writable, and PyTorch does not support non-writable tensors. This means writing to this tensor will result in undefined behavior. You may want to copy the array to protect its data or make it writable before converting it to a tensor. This type of warning will be suppressed for the rest of this program. (Triggered internally at /pytorch/torch/csrc/utils/tensor_numpy.cpp:203.)
  d = {k: torch.from_numpy(np.ascontiguousarray(self.arr[k][i])).float()
/root/storage/implementation/shared_audio/test_for_audio_implicit/data.py:37: UserWarning: The given NumPy array is not writable, and PyTorch does not support non-writable tensors. This means writing to this tensor will result in undefined behavior. You may want to copy the array to protect its data or make it writable before converting it to a tensor. This type of warning will be suppressed for the rest of this program. (Triggered internally at /pytorch/torch/csrc/utils/tensor_numpy.cpp:203.)
  d = {k: torch.from_numpy(np.ascontiguousarray(self.arr[k][i])).float()
[swap] MAE=0.8741 MAE_low=0.7730
[done] -> out/A13_ipd5_s0/metrics_test.json
