[test] 3600 (cache:../test_for_audio_better/cache)
/root/storage/implementation/shared_audio/test_for_audio_implicit/data.py:37: UserWarning: The given NumPy array is not writable, and PyTorch does not support non-writable tensors. This means writing to this tensor will result in undefined behavior. You may want to copy the array to protect its data or make it writable before converting it to a tensor. This type of warning will be suppressed for the rest of this program. (Triggered internally at /pytorch/torch/csrc/utils/tensor_numpy.cpp:203.)
  d = {k: torch.from_numpy(np.ascontiguousarray(self.arr[k][i])).float()
/root/storage/implementation/shared_audio/test_for_audio_implicit/data.py:37: UserWarning: The given NumPy array is not writable, and PyTorch does not support non-writable tensors. This means writing to this tensor will result in undefined behavior. You may want to copy the array to protect its data or make it writable before converting it to a tensor. This type of warning will be suppressed for the rest of this program. (Triggered internally at /pytorch/torch/csrc/utils/tensor_numpy.cpp:203.)
  d = {k: torch.from_numpy(np.ascontiguousarray(self.arr[k][i])).float()
/root/storage/implementation/shared_audio/test_for_audio_implicit/data.py:37: UserWarning: The given NumPy array is not writable, and PyTorch does not support non-writable tensors. This means writing to this tensor will result in undefined behavior. You may want to copy the array to protect its data or make it writable before converting it to a tensor. This type of warning will be suppressed for the rest of this program. (Triggered internally at /pytorch/torch/csrc/utils/tensor_numpy.cpp:203.)
  d = {k: torch.from_numpy(np.ascontiguousarray(self.arr[k][i])).float()
/root/storage/implementation/shared_audio/test_for_audio_implicit/data.py:37: UserWarning: The given NumPy array is not writable, and PyTorch does not support non-writable tensors. This means writing to this tensor will result in undefined behavior. You may want to copy the array to protect its data or make it writable before converting it to a tensor. This type of warning will be suppressed for the rest of this program. (Triggered internally at /pytorch/torch/csrc/utils/tensor_numpy.cpp:203.)
  d = {k: torch.from_numpy(np.ascontiguousarray(self.arr[k][i])).float()
/root/storage/implementation/shared_audio/test_for_audio_implicit/data.py:37: UserWarning: The given NumPy array is not writable, and PyTorch does not support non-writable tensors. This means writing to this tensor will result in undefined behavior. You may want to copy the array to protect its data or make it writable before converting it to a tensor. This type of warning will be suppressed for the rest of this program. (Triggered internally at /pytorch/torch/csrc/utils/tensor_numpy.cpp:203.)
  d = {k: torch.from_numpy(np.ascontiguousarray(self.arr[k][i])).float()
/root/storage/implementation/shared_audio/test_for_audio_implicit/data.py:37: UserWarning: The given NumPy array is not writable, and PyTorch does not support non-writable tensors. This means writing to this tensor will result in undefined behavior. You may want to copy the array to protect its data or make it writable before converting it to a tensor. This type of warning will be suppressed for the rest of this program. (Triggered internally at /pytorch/torch/csrc/utils/tensor_numpy.cpp:203.)
  d = {k: torch.from_numpy(np.ascontiguousarray(self.arr[k][i])).float()
/root/storage/implementation/shared_audio/test_for_audio_implicit/data.py:37: UserWarning: The given NumPy array is not writable, and PyTorch does not support non-writable tensors. This means writing to this tensor will result in undefined behavior. You may want to copy the array to protect its data or make it writable before converting it to a tensor. This type of warning will be suppressed for the rest of this program. (Triggered internally at /pytorch/torch/csrc/utils/tensor_numpy.cpp:203.)
  d = {k: torch.from_numpy(np.ascontiguousarray(self.arr[k][i])).float()
/root/storage/implementation/shared_audio/test_for_audio_implicit/data.py:37: UserWarning: The given NumPy array is not writable, and PyTorch does not support non-writable tensors. This means writing to this tensor will result in undefined behavior. You may want to copy the array to protect its data or make it writable before converting it to a tensor. This type of warning will be suppressed for the rest of this program. (Triggered internally at /pytorch/torch/csrc/utils/tensor_numpy.cpp:203.)
  d = {k: torch.from_numpy(np.ascontiguousarray(self.arr[k][i])).float()
[test] MAE=0.7803 MAE_low=0.6753 SHcoefL1=0.3109 delta1=0.411
/root/storage/implementation/shared_audio/test_for_audio_implicit/data.py:37: UserWarning: The given NumPy array is not writable, and PyTorch does not support non-writable tensors. This means writing to this tensor will result in undefined behavior. You may want to copy the array to protect its data or make it writable before converting it to a tensor. This type of warning will be suppressed for the rest of this program. (Triggered internally at /pytorch/torch/csrc/utils/tensor_numpy.cpp:203.)
  d = {k: torch.from_numpy(np.ascontiguousarray(self.arr[k][i])).float()
/root/storage/implementation/shared_audio/test_for_audio_implicit/data.py:37: UserWarning: The given NumPy array is not writable, and PyTorch does not support non-writable tensors. This means writing to this tensor will result in undefined behavior. You may want to copy the array to protect its data or make it writable before converting it to a tensor. This type of warning will be suppressed for the rest of this program. (Triggered internally at /pytorch/torch/csrc/utils/tensor_numpy.cpp:203.)
  d = {k: torch.from_numpy(np.ascontiguousarray(self.arr[k][i])).float()
/root/storage/implementation/shared_audio/test_for_audio_implicit/data.py:37: UserWarning: The given NumPy array is not writable, and PyTorch does not support non-writable tensors. This means writing to this tensor will result in undefined behavior. You may want to copy the array to protect its data or make it writable before converting it to a tensor. This type of warning will be suppressed for the rest of this program. (Triggered internally at /pytorch/torch/csrc/utils/tensor_numpy.cpp:203.)
  d = {k: torch.from_numpy(np.ascontiguousarray(self.arr[k][i])).float()
/root/storage/implementation/shared_audio/test_for_audio_implicit/data.py:37: UserWarning: The given NumPy array is not writable, and PyTorch does not support non-writable tensors. This means writing to this tensor will result in undefined behavior. You may want to copy the array to protect its data or make it writable before converting it to a tensor. This type of warning will be suppressed for the rest of this program. (Triggered internally at /pytorch/torch/csrc/utils/tensor_numpy.cpp:203.)
  d = {k: torch.from_numpy(np.ascontiguousarray(self.arr[k][i])).float()
/root/storage/implementation/shared_audio/test_for_audio_implicit/data.py:37: UserWarning: The given NumPy array is not writable, and PyTorch does not support non-writable tensors. This means writing to this tensor will result in undefined behavior. You may want to copy the array to protect its data or make it writable before converting it to a tensor. This type of warning will be suppressed for the rest of this program. (Triggered internally at /pytorch/torch/csrc/utils/tensor_numpy.cpp:203.)
  d = {k: torch.from_numpy(np.ascontiguousarray(self.arr[k][i])).float()
/root/storage/implementation/shared_audio/test_for_audio_implicit/data.py:37: UserWarning: The given NumPy array is not writable, and PyTorch does not support non-writable tensors. This means writing to this tensor will result in undefined behavior. You may want to copy the array to protect its data or make it writable before converting it to a tensor. This type of warning will be suppressed for the rest of this program. (Triggered internally at /pytorch/torch/csrc/utils/tensor_numpy.cpp:203.)
  d = {k: torch.from_numpy(np.ascontiguousarray(self.arr[k][i])).float()
/root/storage/implementation/shared_audio/test_for_audio_implicit/data.py:37: UserWarning: The given NumPy array is not writable, and PyTorch does not support non-writable tensors. This means writing to this tensor will result in undefined behavior. You may want to copy the array to protect its data or make it writable before converting it to a tensor. This type of warning will be suppressed for the rest of this program. (Triggered internally at /pytorch/torch/csrc/utils/tensor_numpy.cpp:203.)
  d = {k: torch.from_numpy(np.ascontiguousarray(self.arr[k][i])).float()
/root/storage/implementation/shared_audio/test_for_audio_implicit/data.py:37: UserWarning: The given NumPy array is not writable, and PyTorch does not support non-writable tensors. This means writing to this tensor will result in undefined behavior. You may want to copy the array to protect its data or make it writable before converting it to a tensor. This type of warning will be suppressed for the rest of this program. (Triggered internally at /pytorch/torch/csrc/utils/tensor_numpy.cpp:203.)
  d = {k: torch.from_numpy(np.ascontiguousarray(self.arr[k][i])).float()
[mono] MAE=0.7898 MAE_low=0.6855
/root/storage/implementation/shared_audio/test_for_audio_implicit/data.py:37: UserWarning: The given NumPy array is not writable, and PyTorch does not support non-writable tensors. This means writing to this tensor will result in undefined behavior. You may want to copy the array to protect its data or make it writable before converting it to a tensor. This type of warning will be suppressed for the rest of this program. (Triggered internally at /pytorch/torch/csrc/utils/tensor_numpy.cpp:203.)
  d = {k: torch.from_numpy(np.ascontiguousarray(self.arr[k][i])).float()
/root/storage/implementation/shared_audio/test_for_audio_implicit/data.py:37: UserWarning: The given NumPy array is not writable, and PyTorch does not support non-writable tensors. This means writing to this tensor will result in undefined behavior. You may want to copy the array to protect its data or make it writable before converting it to a tensor. This type of warning will be suppressed for the rest of this program. (Triggered internally at /pytorch/torch/csrc/utils/tensor_numpy.cpp:203.)
  d = {k: torch.from_numpy(np.ascontiguousarray(self.arr[k][i])).float()
/root/storage/implementation/shared_audio/test_for_audio_implicit/data.py:37: UserWarning: The given NumPy array is not writable, and PyTorch does not support non-writable tensors. This means writing to this tensor will result in undefined behavior. You may want to copy the array to protect its data or make it writable before converting it to a tensor. This type of warning will be suppressed for the rest of this program. (Triggered internally at /pytorch/torch/csrc/utils/tensor_numpy.cpp:203.)
  d = {k: torch.from_numpy(np.ascontiguousarray(self.arr[k][i])).float()
/root/storage/implementation/shared_audio/test_for_audio_implicit/data.py:37: UserWarning: The given NumPy array is not writable, and PyTorch does not support non-writable tensors. This means writing to this tensor will result in undefined behavior. You may want to copy the array to protect its data or make it writable before converting it to a tensor. This type of warning will be suppressed for the rest of this program. (Triggered internally at /pytorch/torch/csrc/utils/tensor_numpy.cpp:203.)
  d = {k: torch.from_numpy(np.ascontiguousarray(self.arr[k][i])).float()
/root/storage/implementation/shared_audio/test_for_audio_implicit/data.py:37: UserWarning: The given NumPy array is not writable, and PyTorch does not support non-writable tensors. This means writing to this tensor will result in undefined behavior. You may want to copy the array to protect its data or make it writable before converting it to a tensor. This type of warning will be suppressed for the rest of this program. (Triggered internally at /pytorch/torch/csrc/utils/tensor_numpy.cpp:203.)
  d = {k: torch.from_numpy(np.ascontiguousarray(self.arr[k][i])).float()
/root/storage/implementation/shared_audio/test_for_audio_implicit/data.py:37: UserWarning: The given NumPy array is not writable, and PyTorch does not support non-writable tensors. This means writing to this tensor will result in undefined behavior. You may want to copy the array to protect its data or make it writable before converting it to a tensor. This type of warning will be suppressed for the rest of this program. (Triggered internally at /pytorch/torch/csrc/utils/tensor_numpy.cpp:203.)
  d = {k: torch.from_numpy(np.ascontiguousarray(self.arr[k][i])).float()
/root/storage/implementation/shared_audio/test_for_audio_implicit/data.py:37: UserWarning: The given NumPy array is not writable, and PyTorch does not support non-writable tensors. This means writing to this tensor will result in undefined behavior. You may want to copy the array to protect its data or make it writable before converting it to a tensor. This type of warning will be suppressed for the rest of this program. (Triggered internally at /pytorch/torch/csrc/utils/tensor_numpy.cpp:203.)
  d = {k: torch.from_numpy(np.ascontiguousarray(self.arr[k][i])).float()
/root/storage/implementation/shared_audio/test_for_audio_implicit/data.py:37: UserWarning: The given NumPy array is not writable, and PyTorch does not support non-writable tensors. This means writing to this tensor will result in undefined behavior. You may want to copy the array to protect its data or make it writable before converting it to a tensor. This type of warning will be suppressed for the rest of this program. (Triggered internally at /pytorch/torch/csrc/utils/tensor_numpy.cpp:203.)
  d = {k: torch.from_numpy(np.ascontiguousarray(self.arr[k][i])).float()
[left] MAE=0.8167 MAE_low=0.7127
/root/storage/implementation/shared_audio/test_for_audio_implicit/data.py:37: UserWarning: The given NumPy array is not writable, and PyTorch does not support non-writable tensors. This means writing to this tensor will result in undefined behavior. You may want to copy the array to protect its data or make it writable before converting it to a tensor. This type of warning will be suppressed for the rest of this program. (Triggered internally at /pytorch/torch/csrc/utils/tensor_numpy.cpp:203.)
  d = {k: torch.from_numpy(np.ascontiguousarray(self.arr[k][i])).float()
/root/storage/implementation/shared_audio/test_for_audio_implicit/data.py:37: UserWarning: The given NumPy array is not writable, and PyTorch does not support non-writable tensors. This means writing to this tensor will result in undefined behavior. You may want to copy the array to protect its data or make it writable before converting it to a tensor. This type of warning will be suppressed for the rest of this program. (Triggered internally at /pytorch/torch/csrc/utils/tensor_numpy.cpp:203.)
  d = {k: torch.from_numpy(np.ascontiguousarray(self.arr[k][i])).float()
/root/storage/implementation/shared_audio/test_for_audio_implicit/data.py:37: UserWarning: The given NumPy array is not writable, and PyTorch does not support non-writable tensors. This means writing to this tensor will result in undefined behavior. You may want to copy the array to protect its data or make it writable before converting it to a tensor. This type of warning will be suppressed for the rest of this program. (Triggered internally at /pytorch/torch/csrc/utils/tensor_numpy.cpp:203.)
  d = {k: torch.from_numpy(np.ascontiguousarray(self.arr[k][i])).float()
/root/storage/implementation/shared_audio/test_for_audio_implicit/data.py:37: UserWarning: The given NumPy array is not writable, and PyTorch does not support non-writable tensors. This means writing to this tensor will result in undefined behavior. You may want to copy the array to protect its data or make it writable before converting it to a tensor. This type of warning will be suppressed for the rest of this program. (Triggered internally at /pytorch/torch/csrc/utils/tensor_numpy.cpp:203.)
  d = {k: torch.from_numpy(np.ascontiguousarray(self.arr[k][i])).float()
/root/storage/implementation/shared_audio/test_for_audio_implicit/data.py:37: UserWarning: The given NumPy array is not writable, and PyTorch does not support non-writable tensors. This means writing to this tensor will result in undefined behavior. You may want to copy the array to protect its data or make it writable before converting it to a tensor. This type of warning will be suppressed for the rest of this program. (Triggered internally at /pytorch/torch/csrc/utils/tensor_numpy.cpp:203.)
  d = {k: torch.from_numpy(np.ascontiguousarray(self.arr[k][i])).float()
/root/storage/implementation/shared_audio/test_for_audio_implicit/data.py:37: UserWarning: The given NumPy array is not writable, and PyTorch does not support non-writable tensors. This means writing to this tensor will result in undefined behavior. You may want to copy the array to protect its data or make it writable before converting it to a tensor. This type of warning will be suppressed for the rest of this program. (Triggered internally at /pytorch/torch/csrc/utils/tensor_numpy.cpp:203.)
  d = {k: torch.from_numpy(np.ascontiguousarray(self.arr[k][i])).float()
/root/storage/implementation/shared_audio/test_for_audio_implicit/data.py:37: UserWarning: The given NumPy array is not writable, and PyTorch does not support non-writable tensors. This means writing to this tensor will result in undefined behavior. You may want to copy the array to protect its data or make it writable before converting it to a tensor. This type of warning will be suppressed for the rest of this program. (Triggered internally at /pytorch/torch/csrc/utils/tensor_numpy.cpp:203.)
  d = {k: torch.from_numpy(np.ascontiguousarray(self.arr[k][i])).float()
/root/storage/implementation/shared_audio/test_for_audio_implicit/data.py:37: UserWarning: The given NumPy array is not writable, and PyTorch does not support non-writable tensors. This means writing to this tensor will result in undefined behavior. You may want to copy the array to protect its data or make it writable before converting it to a tensor. This type of warning will be suppressed for the rest of this program. (Triggered internally at /pytorch/torch/csrc/utils/tensor_numpy.cpp:203.)
  d = {k: torch.from_numpy(np.ascontiguousarray(self.arr[k][i])).float()
[right] MAE=0.8519 MAE_low=0.7486
/root/storage/implementation/shared_audio/test_for_audio_implicit/data.py:37: UserWarning: The given NumPy array is not writable, and PyTorch does not support non-writable tensors. This means writing to this tensor will result in undefined behavior. You may want to copy the array to protect its data or make it writable before converting it to a tensor. This type of warning will be suppressed for the rest of this program. (Triggered internally at /pytorch/torch/csrc/utils/tensor_numpy.cpp:203.)
  d = {k: torch.from_numpy(np.ascontiguousarray(self.arr[k][i])).float()
/root/storage/implementation/shared_audio/test_for_audio_implicit/data.py:37: UserWarning: The given NumPy array is not writable, and PyTorch does not support non-writable tensors. This means writing to this tensor will result in undefined behavior. You may want to copy the array to protect its data or make it writable before converting it to a tensor. This type of warning will be suppressed for the rest of this program. (Triggered internally at /pytorch/torch/csrc/utils/tensor_numpy.cpp:203.)
  d = {k: torch.from_numpy(np.ascontiguousarray(self.arr[k][i])).float()
/root/storage/implementation/shared_audio/test_for_audio_implicit/data.py:37: UserWarning: The given NumPy array is not writable, and PyTorch does not support non-writable tensors. This means writing to this tensor will result in undefined behavior. You may want to copy the array to protect its data or make it writable before converting it to a tensor. This type of warning will be suppressed for the rest of this program. (Triggered internally at /pytorch/torch/csrc/utils/tensor_numpy.cpp:203.)
  d = {k: torch.from_numpy(np.ascontiguousarray(self.arr[k][i])).float()
/root/storage/implementation/shared_audio/test_for_audio_implicit/data.py:37: UserWarning: The given NumPy array is not writable, and PyTorch does not support non-writable tensors. This means writing to this tensor will result in undefined behavior. You may want to copy the array to protect its data or make it writable before converting it to a tensor. This type of warning will be suppressed for the rest of this program. (Triggered internally at /pytorch/torch/csrc/utils/tensor_numpy.cpp:203.)
  d = {k: torch.from_numpy(np.ascontiguousarray(self.arr[k][i])).float()
/root/storage/implementation/shared_audio/test_for_audio_implicit/data.py:37: UserWarning: The given NumPy array is not writable, and PyTorch does not support non-writable tensors. This means writing to this tensor will result in undefined behavior. You may want to copy the array to protect its data or make it writable before converting it to a tensor. This type of warning will be suppressed for the rest of this program. (Triggered internally at /pytorch/torch/csrc/utils/tensor_numpy.cpp:203.)
  d = {k: torch.from_numpy(np.ascontiguousarray(self.arr[k][i])).float()
/root/storage/implementation/shared_audio/test_for_audio_implicit/data.py:37: UserWarning: The given NumPy array is not writable, and PyTorch does not support non-writable tensors. This means writing to this tensor will result in undefined behavior. You may want to copy the array to protect its data or make it writable before converting it to a tensor. This type of warning will be suppressed for the rest of this program. (Triggered internally at /pytorch/torch/csrc/utils/tensor_numpy.cpp:203.)
  d = {k: torch.from_numpy(np.ascontiguousarray(self.arr[k][i])).float()
/root/storage/implementation/shared_audio/test_for_audio_implicit/data.py:37: UserWarning: The given NumPy array is not writable, and PyTorch does not support non-writable tensors. This means writing to this tensor will result in undefined behavior. You may want to copy the array to protect its data or make it writable before converting it to a tensor. This type of warning will be suppressed for the rest of this program. (Triggered internally at /pytorch/torch/csrc/utils/tensor_numpy.cpp:203.)
  d = {k: torch.from_numpy(np.ascontiguousarray(self.arr[k][i])).float()
/root/storage/implementation/shared_audio/test_for_audio_implicit/data.py:37: UserWarning: The given NumPy array is not writable, and PyTorch does not support non-writable tensors. This means writing to this tensor will result in undefined behavior. You may want to copy the array to protect its data or make it writable before converting it to a tensor. This type of warning will be suppressed for the rest of this program. (Triggered internally at /pytorch/torch/csrc/utils/tensor_numpy.cpp:203.)
  d = {k: torch.from_numpy(np.ascontiguousarray(self.arr[k][i])).float()
[shuffle] MAE=0.8607 MAE_low=0.7565
/root/storage/implementation/shared_audio/test_for_audio_implicit/data.py:37: UserWarning: The given NumPy array is not writable, and PyTorch does not support non-writable tensors. This means writing to this tensor will result in undefined behavior. You may want to copy the array to protect its data or make it writable before converting it to a tensor. This type of warning will be suppressed for the rest of this program. (Triggered internally at /pytorch/torch/csrc/utils/tensor_numpy.cpp:203.)
  d = {k: torch.from_numpy(np.ascontiguousarray(self.arr[k][i])).float()
/root/storage/implementation/shared_audio/test_for_audio_implicit/data.py:37: UserWarning: The given NumPy array is not writable, and PyTorch does not support non-writable tensors. This means writing to this tensor will result in undefined behavior. You may want to copy the array to protect its data or make it writable before converting it to a tensor. This type of warning will be suppressed for the rest of this program. (Triggered internally at /pytorch/torch/csrc/utils/tensor_numpy.cpp:203.)
  d = {k: torch.from_numpy(np.ascontiguousarray(self.arr[k][i])).float()
/root/storage/implementation/shared_audio/test_for_audio_implicit/data.py:37: UserWarning: The given NumPy array is not writable, and PyTorch does not support non-writable tensors. This means writing to this tensor will result in undefined behavior. You may want to copy the array to protect its data or make it writable before converting it to a tensor. This type of warning will be suppressed for the rest of this program. (Triggered internally at /pytorch/torch/csrc/utils/tensor_numpy.cpp:203.)
  d = {k: torch.from_numpy(np.ascontiguousarray(self.arr[k][i])).float()
/root/storage/implementation/shared_audio/test_for_audio_implicit/data.py:37: UserWarning: The given NumPy array is not writable, and PyTorch does not support non-writable tensors. This means writing to this tensor will result in undefined behavior. You may want to copy the array to protect its data or make it writable before converting it to a tensor. This type of warning will be suppressed for the rest of this program. (Triggered internally at /pytorch/torch/csrc/utils/tensor_numpy.cpp:203.)
  d = {k: torch.from_numpy(np.ascontiguousarray(self.arr[k][i])).float()
/root/storage/implementation/shared_audio/test_for_audio_implicit/data.py:37: UserWarning: The given NumPy array is not writable, and PyTorch does not support non-writable tensors. This means writing to this tensor will result in undefined behavior. You may want to copy the array to protect its data or make it writable before converting it to a tensor. This type of warning will be suppressed for the rest of this program. (Triggered internally at /pytorch/torch/csrc/utils/tensor_numpy.cpp:203.)
  d = {k: torch.from_numpy(np.ascontiguousarray(self.arr[k][i])).float()
/root/storage/implementation/shared_audio/test_for_audio_implicit/data.py:37: UserWarning: The given NumPy array is not writable, and PyTorch does not support non-writable tensors. This means writing to this tensor will result in undefined behavior. You may want to copy the array to protect its data or make it writable before converting it to a tensor. This type of warning will be suppressed for the rest of this program. (Triggered internally at /pytorch/torch/csrc/utils/tensor_numpy.cpp:203.)
  d = {k: torch.from_numpy(np.ascontiguousarray(self.arr[k][i])).float()
/root/storage/implementation/shared_audio/test_for_audio_implicit/data.py:37: UserWarning: The given NumPy array is not writable, and PyTorch does not support non-writable tensors. This means writing to this tensor will result in undefined behavior. You may want to copy the array to protect its data or make it writable before converting it to a tensor. This type of warning will be suppressed for the rest of this program. (Triggered internally at /pytorch/torch/csrc/utils/tensor_numpy.cpp:203.)
  d = {k: torch.from_numpy(np.ascontiguousarray(self.arr[k][i])).float()
/root/storage/implementation/shared_audio/test_for_audio_implicit/data.py:37: UserWarning: The given NumPy array is not writable, and PyTorch does not support non-writable tensors. This means writing to this tensor will result in undefined behavior. You may want to copy the array to protect its data or make it writable before converting it to a tensor. This type of warning will be suppressed for the rest of this program. (Triggered internally at /pytorch/torch/csrc/utils/tensor_numpy.cpp:203.)
  d = {k: torch.from_numpy(np.ascontiguousarray(self.arr[k][i])).float()
[swap] MAE=0.7908 MAE_low=0.6861  swap_mirror_consistency=0.1459
[done] -> out/A2_raymlp_s0/metrics_test.json
