[test] 3600 (cache:../test_for_audio_better/cache)
/root/storage/implementation/shared_audio/test_for_audio_implicit/data.py:37: UserWarning: The given NumPy array is not writable, and PyTorch does not support non-writable tensors. This means writing to this tensor will result in undefined behavior. You may want to copy the array to protect its data or make it writable before converting it to a tensor. This type of warning will be suppressed for the rest of this program. (Triggered internally at /pytorch/torch/csrc/utils/tensor_numpy.cpp:203.)
  d = {k: torch.from_numpy(np.ascontiguousarray(self.arr[k][i])).float()
/root/storage/implementation/shared_audio/test_for_audio_implicit/data.py:37: UserWarning: The given NumPy array is not writable, and PyTorch does not support non-writable tensors. This means writing to this tensor will result in undefined behavior. You may want to copy the array to protect its data or make it writable before converting it to a tensor. This type of warning will be suppressed for the rest of this program. (Triggered internally at /pytorch/torch/csrc/utils/tensor_numpy.cpp:203.)
  d = {k: torch.from_numpy(np.ascontiguousarray(self.arr[k][i])).float()
/root/storage/implementation/shared_audio/test_for_audio_implicit/data.py:37: UserWarning: The given NumPy array is not writable, and PyTorch does not support non-writable tensors. This means writing to this tensor will result in undefined behavior. You may want to copy the array to protect its data or make it writable before converting it to a tensor. This type of warning will be suppressed for the rest of this program. (Triggered internally at /pytorch/torch/csrc/utils/tensor_numpy.cpp:203.)
  d = {k: torch.from_numpy(np.ascontiguousarray(self.arr[k][i])).float()
/root/storage/implementation/shared_audio/test_for_audio_implicit/data.py:37: UserWarning: The given NumPy array is not writable, and PyTorch does not support non-writable tensors. This means writing to this tensor will result in undefined behavior. You may want to copy the array to protect its data or make it writable before converting it to a tensor. This type of warning will be suppressed for the rest of this program. (Triggered internally at /pytorch/torch/csrc/utils/tensor_numpy.cpp:203.)
  d = {k: torch.from_numpy(np.ascontiguousarray(self.arr[k][i])).float()
/root/storage/implementation/shared_audio/test_for_audio_implicit/data.py:37: UserWarning: The given NumPy array is not writable, and PyTorch does not support non-writable tensors. This means writing to this tensor will result in undefined behavior. You may want to copy the array to protect its data or make it writable before converting it to a tensor. This type of warning will be suppressed for the rest of this program. (Triggered internally at /pytorch/torch/csrc/utils/tensor_numpy.cpp:203.)
  d = {k: torch.from_numpy(np.ascontiguousarray(self.arr[k][i])).float()
/root/storage/implementation/shared_audio/test_for_audio_implicit/data.py:37: UserWarning: The given NumPy array is not writable, and PyTorch does not support non-writable tensors. This means writing to this tensor will result in undefined behavior. You may want to copy the array to protect its data or make it writable before converting it to a tensor. This type of warning will be suppressed for the rest of this program. (Triggered internally at /pytorch/torch/csrc/utils/tensor_numpy.cpp:203.)
  d = {k: torch.from_numpy(np.ascontiguousarray(self.arr[k][i])).float()
[test] MAE=0.8540 MAE_low=0.7315 SHcoefL1=0.3447 delta1=0.452
/root/storage/implementation/shared_audio/test_for_audio_implicit/data.py:37: UserWarning: The given NumPy array is not writable, and PyTorch does not support non-writable tensors. This means writing to this tensor will result in undefined behavior. You may want to copy the array to protect its data or make it writable before converting it to a tensor. This type of warning will be suppressed for the rest of this program. (Triggered internally at /pytorch/torch/csrc/utils/tensor_numpy.cpp:203.)
  d = {k: torch.from_numpy(np.ascontiguousarray(self.arr[k][i])).float()
/root/storage/implementation/shared_audio/test_for_audio_implicit/data.py:37: UserWarning: The given NumPy array is not writable, and PyTorch does not support non-writable tensors. This means writing to this tensor will result in undefined behavior. You may want to copy the array to protect its data or make it writable before converting it to a tensor. This type of warning will be suppressed for the rest of this program. (Triggered internally at /pytorch/torch/csrc/utils/tensor_numpy.cpp:203.)
  d = {k: torch.from_numpy(np.ascontiguousarray(self.arr[k][i])).float()
/root/storage/implementation/shared_audio/test_for_audio_implicit/data.py:37: UserWarning: The given NumPy array is not writable, and PyTorch does not support non-writable tensors. This means writing to this tensor will result in undefined behavior. You may want to copy the array to protect its data or make it writable before converting it to a tensor. This type of warning will be suppressed for the rest of this program. (Triggered internally at /pytorch/torch/csrc/utils/tensor_numpy.cpp:203.)
  d = {k: torch.from_numpy(np.ascontiguousarray(self.arr[k][i])).float()
/root/storage/implementation/shared_audio/test_for_audio_implicit/data.py:37: UserWarning: The given NumPy array is not writable, and PyTorch does not support non-writable tensors. This means writing to this tensor will result in undefined behavior. You may want to copy the array to protect its data or make it writable before converting it to a tensor. This type of warning will be suppressed for the rest of this program. (Triggered internally at /pytorch/torch/csrc/utils/tensor_numpy.cpp:203.)
  d = {k: torch.from_numpy(np.ascontiguousarray(self.arr[k][i])).float()
/root/storage/implementation/shared_audio/test_for_audio_implicit/data.py:37: UserWarning: The given NumPy array is not writable, and PyTorch does not support non-writable tensors. This means writing to this tensor will result in undefined behavior. You may want to copy the array to protect its data or make it writable before converting it to a tensor. This type of warning will be suppressed for the rest of this program. (Triggered internally at /pytorch/torch/csrc/utils/tensor_numpy.cpp:203.)
  d = {k: torch.from_numpy(np.ascontiguousarray(self.arr[k][i])).float()
/root/storage/implementation/shared_audio/test_for_audio_implicit/data.py:37: UserWarning: The given NumPy array is not writable, and PyTorch does not support non-writable tensors. This means writing to this tensor will result in undefined behavior. You may want to copy the array to protect its data or make it writable before converting it to a tensor. This type of warning will be suppressed for the rest of this program. (Triggered internally at /pytorch/torch/csrc/utils/tensor_numpy.cpp:203.)
  d = {k: torch.from_numpy(np.ascontiguousarray(self.arr[k][i])).float()
[mono] MAE=1.0338 MAE_low=0.9084
/root/storage/implementation/shared_audio/test_for_audio_implicit/data.py:37: UserWarning: The given NumPy array is not writable, and PyTorch does not support non-writable tensors. This means writing to this tensor will result in undefined behavior. You may want to copy the array to protect its data or make it writable before converting it to a tensor. This type of warning will be suppressed for the rest of this program. (Triggered internally at /pytorch/torch/csrc/utils/tensor_numpy.cpp:203.)
  d = {k: torch.from_numpy(np.ascontiguousarray(self.arr[k][i])).float()
/root/storage/implementation/shared_audio/test_for_audio_implicit/data.py:37: UserWarning: The given NumPy array is not writable, and PyTorch does not support non-writable tensors. This means writing to this tensor will result in undefined behavior. You may want to copy the array to protect its data or make it writable before converting it to a tensor. This type of warning will be suppressed for the rest of this program. (Triggered internally at /pytorch/torch/csrc/utils/tensor_numpy.cpp:203.)
  d = {k: torch.from_numpy(np.ascontiguousarray(self.arr[k][i])).float()
/root/storage/implementation/shared_audio/test_for_audio_implicit/data.py:37: UserWarning: The given NumPy array is not writable, and PyTorch does not support non-writable tensors. This means writing to this tensor will result in undefined behavior. You may want to copy the array to protect its data or make it writable before converting it to a tensor. This type of warning will be suppressed for the rest of this program. (Triggered internally at /pytorch/torch/csrc/utils/tensor_numpy.cpp:203.)
  d = {k: torch.from_numpy(np.ascontiguousarray(self.arr[k][i])).float()
/root/storage/implementation/shared_audio/test_for_audio_implicit/data.py:37: UserWarning: The given NumPy array is not writable, and PyTorch does not support non-writable tensors. This means writing to this tensor will result in undefined behavior. You may want to copy the array to protect its data or make it writable before converting it to a tensor. This type of warning will be suppressed for the rest of this program. (Triggered internally at /pytorch/torch/csrc/utils/tensor_numpy.cpp:203.)
  d = {k: torch.from_numpy(np.ascontiguousarray(self.arr[k][i])).float()
/root/storage/implementation/shared_audio/test_for_audio_implicit/data.py:37: UserWarning: The given NumPy array is not writable, and PyTorch does not support non-writable tensors. This means writing to this tensor will result in undefined behavior. You may want to copy the array to protect its data or make it writable before converting it to a tensor. This type of warning will be suppressed for the rest of this program. (Triggered internally at /pytorch/torch/csrc/utils/tensor_numpy.cpp:203.)
  d = {k: torch.from_numpy(np.ascontiguousarray(self.arr[k][i])).float()
/root/storage/implementation/shared_audio/test_for_audio_implicit/data.py:37: UserWarning: The given NumPy array is not writable, and PyTorch does not support non-writable tensors. This means writing to this tensor will result in undefined behavior. You may want to copy the array to protect its data or make it writable before converting it to a tensor. This type of warning will be suppressed for the rest of this program. (Triggered internally at /pytorch/torch/csrc/utils/tensor_numpy.cpp:203.)
  d = {k: torch.from_numpy(np.ascontiguousarray(self.arr[k][i])).float()
[left] MAE=1.0322 MAE_low=0.9054
/root/storage/implementation/shared_audio/test_for_audio_implicit/data.py:37: UserWarning: The given NumPy array is not writable, and PyTorch does not support non-writable tensors. This means writing to this tensor will result in undefined behavior. You may want to copy the array to protect its data or make it writable before converting it to a tensor. This type of warning will be suppressed for the rest of this program. (Triggered internally at /pytorch/torch/csrc/utils/tensor_numpy.cpp:203.)
  d = {k: torch.from_numpy(np.ascontiguousarray(self.arr[k][i])).float()
/root/storage/implementation/shared_audio/test_for_audio_implicit/data.py:37: UserWarning: The given NumPy array is not writable, and PyTorch does not support non-writable tensors. This means writing to this tensor will result in undefined behavior. You may want to copy the array to protect its data or make it writable before converting it to a tensor. This type of warning will be suppressed for the rest of this program. (Triggered internally at /pytorch/torch/csrc/utils/tensor_numpy.cpp:203.)
  d = {k: torch.from_numpy(np.ascontiguousarray(self.arr[k][i])).float()
/root/storage/implementation/shared_audio/test_for_audio_implicit/data.py:37: UserWarning: The given NumPy array is not writable, and PyTorch does not support non-writable tensors. This means writing to this tensor will result in undefined behavior. You may want to copy the array to protect its data or make it writable before converting it to a tensor. This type of warning will be suppressed for the rest of this program. (Triggered internally at /pytorch/torch/csrc/utils/tensor_numpy.cpp:203.)
  d = {k: torch.from_numpy(np.ascontiguousarray(self.arr[k][i])).float()
/root/storage/implementation/shared_audio/test_for_audio_implicit/data.py:37: UserWarning: The given NumPy array is not writable, and PyTorch does not support non-writable tensors. This means writing to this tensor will result in undefined behavior. You may want to copy the array to protect its data or make it writable before converting it to a tensor. This type of warning will be suppressed for the rest of this program. (Triggered internally at /pytorch/torch/csrc/utils/tensor_numpy.cpp:203.)
  d = {k: torch.from_numpy(np.ascontiguousarray(self.arr[k][i])).float()
/root/storage/implementation/shared_audio/test_for_audio_implicit/data.py:37: UserWarning: The given NumPy array is not writable, and PyTorch does not support non-writable tensors. This means writing to this tensor will result in undefined behavior. You may want to copy the array to protect its data or make it writable before converting it to a tensor. This type of warning will be suppressed for the rest of this program. (Triggered internally at /pytorch/torch/csrc/utils/tensor_numpy.cpp:203.)
  d = {k: torch.from_numpy(np.ascontiguousarray(self.arr[k][i])).float()
/root/storage/implementation/shared_audio/test_for_audio_implicit/data.py:37: UserWarning: The given NumPy array is not writable, and PyTorch does not support non-writable tensors. This means writing to this tensor will result in undefined behavior. You may want to copy the array to protect its data or make it writable before converting it to a tensor. This type of warning will be suppressed for the rest of this program. (Triggered internally at /pytorch/torch/csrc/utils/tensor_numpy.cpp:203.)
  d = {k: torch.from_numpy(np.ascontiguousarray(self.arr[k][i])).float()
[right] MAE=1.0403 MAE_low=0.9144
/root/storage/implementation/shared_audio/test_for_audio_implicit/data.py:37: UserWarning: The given NumPy array is not writable, and PyTorch does not support non-writable tensors. This means writing to this tensor will result in undefined behavior. You may want to copy the array to protect its data or make it writable before converting it to a tensor. This type of warning will be suppressed for the rest of this program. (Triggered internally at /pytorch/torch/csrc/utils/tensor_numpy.cpp:203.)
  d = {k: torch.from_numpy(np.ascontiguousarray(self.arr[k][i])).float()
/root/storage/implementation/shared_audio/test_for_audio_implicit/data.py:37: UserWarning: The given NumPy array is not writable, and PyTorch does not support non-writable tensors. This means writing to this tensor will result in undefined behavior. You may want to copy the array to protect its data or make it writable before converting it to a tensor. This type of warning will be suppressed for the rest of this program. (Triggered internally at /pytorch/torch/csrc/utils/tensor_numpy.cpp:203.)
  d = {k: torch.from_numpy(np.ascontiguousarray(self.arr[k][i])).float()
/root/storage/implementation/shared_audio/test_for_audio_implicit/data.py:37: UserWarning: The given NumPy array is not writable, and PyTorch does not support non-writable tensors. This means writing to this tensor will result in undefined behavior. You may want to copy the array to protect its data or make it writable before converting it to a tensor. This type of warning will be suppressed for the rest of this program. (Triggered internally at /pytorch/torch/csrc/utils/tensor_numpy.cpp:203.)
  d = {k: torch.from_numpy(np.ascontiguousarray(self.arr[k][i])).float()
/root/storage/implementation/shared_audio/test_for_audio_implicit/data.py:37: UserWarning: The given NumPy array is not writable, and PyTorch does not support non-writable tensors. This means writing to this tensor will result in undefined behavior. You may want to copy the array to protect its data or make it writable before converting it to a tensor. This type of warning will be suppressed for the rest of this program. (Triggered internally at /pytorch/torch/csrc/utils/tensor_numpy.cpp:203.)
  d = {k: torch.from_numpy(np.ascontiguousarray(self.arr[k][i])).float()
/root/storage/implementation/shared_audio/test_for_audio_implicit/data.py:37: UserWarning: The given NumPy array is not writable, and PyTorch does not support non-writable tensors. This means writing to this tensor will result in undefined behavior. You may want to copy the array to protect its data or make it writable before converting it to a tensor. This type of warning will be suppressed for the rest of this program. (Triggered internally at /pytorch/torch/csrc/utils/tensor_numpy.cpp:203.)
  d = {k: torch.from_numpy(np.ascontiguousarray(self.arr[k][i])).float()
/root/storage/implementation/shared_audio/test_for_audio_implicit/data.py:37: UserWarning: The given NumPy array is not writable, and PyTorch does not support non-writable tensors. This means writing to this tensor will result in undefined behavior. You may want to copy the array to protect its data or make it writable before converting it to a tensor. This type of warning will be suppressed for the rest of this program. (Triggered internally at /pytorch/torch/csrc/utils/tensor_numpy.cpp:203.)
  d = {k: torch.from_numpy(np.ascontiguousarray(self.arr[k][i])).float()
[shuffle] MAE=1.0825 MAE_low=0.9577
/root/storage/implementation/shared_audio/test_for_audio_implicit/data.py:37: UserWarning: The given NumPy array is not writable, and PyTorch does not support non-writable tensors. This means writing to this tensor will result in undefined behavior. You may want to copy the array to protect its data or make it writable before converting it to a tensor. This type of warning will be suppressed for the rest of this program. (Triggered internally at /pytorch/torch/csrc/utils/tensor_numpy.cpp:203.)
  d = {k: torch.from_numpy(np.ascontiguousarray(self.arr[k][i])).float()
/root/storage/implementation/shared_audio/test_for_audio_implicit/data.py:37: UserWarning: The given NumPy array is not writable, and PyTorch does not support non-writable tensors. This means writing to this tensor will result in undefined behavior. You may want to copy the array to protect its data or make it writable before converting it to a tensor. This type of warning will be suppressed for the rest of this program. (Triggered internally at /pytorch/torch/csrc/utils/tensor_numpy.cpp:203.)
  d = {k: torch.from_numpy(np.ascontiguousarray(self.arr[k][i])).float()
/root/storage/implementation/shared_audio/test_for_audio_implicit/data.py:37: UserWarning: The given NumPy array is not writable, and PyTorch does not support non-writable tensors. This means writing to this tensor will result in undefined behavior. You may want to copy the array to protect its data or make it writable before converting it to a tensor. This type of warning will be suppressed for the rest of this program. (Triggered internally at /pytorch/torch/csrc/utils/tensor_numpy.cpp:203.)
  d = {k: torch.from_numpy(np.ascontiguousarray(self.arr[k][i])).float()
/root/storage/implementation/shared_audio/test_for_audio_implicit/data.py:37: UserWarning: The given NumPy array is not writable, and PyTorch does not support non-writable tensors. This means writing to this tensor will result in undefined behavior. You may want to copy the array to protect its data or make it writable before converting it to a tensor. This type of warning will be suppressed for the rest of this program. (Triggered internally at /pytorch/torch/csrc/utils/tensor_numpy.cpp:203.)
  d = {k: torch.from_numpy(np.ascontiguousarray(self.arr[k][i])).float()
/root/storage/implementation/shared_audio/test_for_audio_implicit/data.py:37: UserWarning: The given NumPy array is not writable, and PyTorch does not support non-writable tensors. This means writing to this tensor will result in undefined behavior. You may want to copy the array to protect its data or make it writable before converting it to a tensor. This type of warning will be suppressed for the rest of this program. (Triggered internally at /pytorch/torch/csrc/utils/tensor_numpy.cpp:203.)
  d = {k: torch.from_numpy(np.ascontiguousarray(self.arr[k][i])).float()
/root/storage/implementation/shared_audio/test_for_audio_implicit/data.py:37: UserWarning: The given NumPy array is not writable, and PyTorch does not support non-writable tensors. This means writing to this tensor will result in undefined behavior. You may want to copy the array to protect its data or make it writable before converting it to a tensor. This type of warning will be suppressed for the rest of this program. (Triggered internally at /pytorch/torch/csrc/utils/tensor_numpy.cpp:203.)
  d = {k: torch.from_numpy(np.ascontiguousarray(self.arr[k][i])).float()
[swap] MAE=1.0407 MAE_low=0.9164  swap_mirror_consistency=0.3423
[done] -> out/A6sec_s1/metrics_test.json
