[test] 3600 (cache:../test_for_audio_better/cache)
/root/storage/implementation/shared_audio/test_for_audio_implicit/data.py:37: UserWarning: The given NumPy array is not writable, and PyTorch does not support non-writable tensors. This means writing to this tensor will result in undefined behavior. You may want to copy the array to protect its data or make it writable before converting it to a tensor. This type of warning will be suppressed for the rest of this program. (Triggered internally at /pytorch/torch/csrc/utils/tensor_numpy.cpp:203.)
  d = {k: torch.from_numpy(np.ascontiguousarray(self.arr[k][i])).float()
/root/storage/implementation/shared_audio/test_for_audio_implicit/data.py:37: UserWarning: The given NumPy array is not writable, and PyTorch does not support non-writable tensors. This means writing to this tensor will result in undefined behavior. You may want to copy the array to protect its data or make it writable before converting it to a tensor. This type of warning will be suppressed for the rest of this program. (Triggered internally at /pytorch/torch/csrc/utils/tensor_numpy.cpp:203.)
  d = {k: torch.from_numpy(np.ascontiguousarray(self.arr[k][i])).float()
/root/storage/implementation/shared_audio/test_for_audio_implicit/data.py:37: UserWarning: The given NumPy array is not writable, and PyTorch does not support non-writable tensors. This means writing to this tensor will result in undefined behavior. You may want to copy the array to protect its data or make it writable before converting it to a tensor. This type of warning will be suppressed for the rest of this program. (Triggered internally at /pytorch/torch/csrc/utils/tensor_numpy.cpp:203.)
  d = {k: torch.from_numpy(np.ascontiguousarray(self.arr[k][i])).float()
/root/storage/implementation/shared_audio/test_for_audio_implicit/data.py:37: UserWarning: The given NumPy array is not writable, and PyTorch does not support non-writable tensors. This means writing to this tensor will result in undefined behavior. You may want to copy the array to protect its data or make it writable before converting it to a tensor. This type of warning will be suppressed for the rest of this program. (Triggered internally at /pytorch/torch/csrc/utils/tensor_numpy.cpp:203.)
  d = {k: torch.from_numpy(np.ascontiguousarray(self.arr[k][i])).float()
/root/storage/implementation/shared_audio/test_for_audio_implicit/data.py:37: UserWarning: The given NumPy array is not writable, and PyTorch does not support non-writable tensors. This means writing to this tensor will result in undefined behavior. You may want to copy the array to protect its data or make it writable before converting it to a tensor. This type of warning will be suppressed for the rest of this program. (Triggered internally at /pytorch/torch/csrc/utils/tensor_numpy.cpp:203.)
  d = {k: torch.from_numpy(np.ascontiguousarray(self.arr[k][i])).float()
/root/storage/implementation/shared_audio/test_for_audio_implicit/data.py:37: UserWarning: The given NumPy array is not writable, and PyTorch does not support non-writable tensors. This means writing to this tensor will result in undefined behavior. You may want to copy the array to protect its data or make it writable before converting it to a tensor. This type of warning will be suppressed for the rest of this program. (Triggered internally at /pytorch/torch/csrc/utils/tensor_numpy.cpp:203.)
  d = {k: torch.from_numpy(np.ascontiguousarray(self.arr[k][i])).float()
[test] MAE=0.8517 MAE_low=0.7313 SHcoefL1=0.3449 delta1=0.442
/root/storage/implementation/shared_audio/test_for_audio_implicit/data.py:37: UserWarning: The given NumPy array is not writable, and PyTorch does not support non-writable tensors. This means writing to this tensor will result in undefined behavior. You may want to copy the array to protect its data or make it writable before converting it to a tensor. This type of warning will be suppressed for the rest of this program. (Triggered internally at /pytorch/torch/csrc/utils/tensor_numpy.cpp:203.)
  d = {k: torch.from_numpy(np.ascontiguousarray(self.arr[k][i])).float()
/root/storage/implementation/shared_audio/test_for_audio_implicit/data.py:37: UserWarning: The given NumPy array is not writable, and PyTorch does not support non-writable tensors. This means writing to this tensor will result in undefined behavior. You may want to copy the array to protect its data or make it writable before converting it to a tensor. This type of warning will be suppressed for the rest of this program. (Triggered internally at /pytorch/torch/csrc/utils/tensor_numpy.cpp:203.)
  d = {k: torch.from_numpy(np.ascontiguousarray(self.arr[k][i])).float()
/root/storage/implementation/shared_audio/test_for_audio_implicit/data.py:37: UserWarning: The given NumPy array is not writable, and PyTorch does not support non-writable tensors. This means writing to this tensor will result in undefined behavior. You may want to copy the array to protect its data or make it writable before converting it to a tensor. This type of warning will be suppressed for the rest of this program. (Triggered internally at /pytorch/torch/csrc/utils/tensor_numpy.cpp:203.)
  d = {k: torch.from_numpy(np.ascontiguousarray(self.arr[k][i])).float()
/root/storage/implementation/shared_audio/test_for_audio_implicit/data.py:37: UserWarning: The given NumPy array is not writable, and PyTorch does not support non-writable tensors. This means writing to this tensor will result in undefined behavior. You may want to copy the array to protect its data or make it writable before converting it to a tensor. This type of warning will be suppressed for the rest of this program. (Triggered internally at /pytorch/torch/csrc/utils/tensor_numpy.cpp:203.)
  d = {k: torch.from_numpy(np.ascontiguousarray(self.arr[k][i])).float()
/root/storage/implementation/shared_audio/test_for_audio_implicit/data.py:37: UserWarning: The given NumPy array is not writable, and PyTorch does not support non-writable tensors. This means writing to this tensor will result in undefined behavior. You may want to copy the array to protect its data or make it writable before converting it to a tensor. This type of warning will be suppressed for the rest of this program. (Triggered internally at /pytorch/torch/csrc/utils/tensor_numpy.cpp:203.)
  d = {k: torch.from_numpy(np.ascontiguousarray(self.arr[k][i])).float()
/root/storage/implementation/shared_audio/test_for_audio_implicit/data.py:37: UserWarning: The given NumPy array is not writable, and PyTorch does not support non-writable tensors. This means writing to this tensor will result in undefined behavior. You may want to copy the array to protect its data or make it writable before converting it to a tensor. This type of warning will be suppressed for the rest of this program. (Triggered internally at /pytorch/torch/csrc/utils/tensor_numpy.cpp:203.)
  d = {k: torch.from_numpy(np.ascontiguousarray(self.arr[k][i])).float()
[mono] MAE=1.0419 MAE_low=0.9172
/root/storage/implementation/shared_audio/test_for_audio_implicit/data.py:37: UserWarning: The given NumPy array is not writable, and PyTorch does not support non-writable tensors. This means writing to this tensor will result in undefined behavior. You may want to copy the array to protect its data or make it writable before converting it to a tensor. This type of warning will be suppressed for the rest of this program. (Triggered internally at /pytorch/torch/csrc/utils/tensor_numpy.cpp:203.)
  d = {k: torch.from_numpy(np.ascontiguousarray(self.arr[k][i])).float()
/root/storage/implementation/shared_audio/test_for_audio_implicit/data.py:37: UserWarning: The given NumPy array is not writable, and PyTorch does not support non-writable tensors. This means writing to this tensor will result in undefined behavior. You may want to copy the array to protect its data or make it writable before converting it to a tensor. This type of warning will be suppressed for the rest of this program. (Triggered internally at /pytorch/torch/csrc/utils/tensor_numpy.cpp:203.)
  d = {k: torch.from_numpy(np.ascontiguousarray(self.arr[k][i])).float()
/root/storage/implementation/shared_audio/test_for_audio_implicit/data.py:37: UserWarning: The given NumPy array is not writable, and PyTorch does not support non-writable tensors. This means writing to this tensor will result in undefined behavior. You may want to copy the array to protect its data or make it writable before converting it to a tensor. This type of warning will be suppressed for the rest of this program. (Triggered internally at /pytorch/torch/csrc/utils/tensor_numpy.cpp:203.)
  d = {k: torch.from_numpy(np.ascontiguousarray(self.arr[k][i])).float()
/root/storage/implementation/shared_audio/test_for_audio_implicit/data.py:37: UserWarning: The given NumPy array is not writable, and PyTorch does not support non-writable tensors. This means writing to this tensor will result in undefined behavior. You may want to copy the array to protect its data or make it writable before converting it to a tensor. This type of warning will be suppressed for the rest of this program. (Triggered internally at /pytorch/torch/csrc/utils/tensor_numpy.cpp:203.)
  d = {k: torch.from_numpy(np.ascontiguousarray(self.arr[k][i])).float()
/root/storage/implementation/shared_audio/test_for_audio_implicit/data.py:37: UserWarning: The given NumPy array is not writable, and PyTorch does not support non-writable tensors. This means writing to this tensor will result in undefined behavior. You may want to copy the array to protect its data or make it writable before converting it to a tensor. This type of warning will be suppressed for the rest of this program. (Triggered internally at /pytorch/torch/csrc/utils/tensor_numpy.cpp:203.)
  d = {k: torch.from_numpy(np.ascontiguousarray(self.arr[k][i])).float()
/root/storage/implementation/shared_audio/test_for_audio_implicit/data.py:37: UserWarning: The given NumPy array is not writable, and PyTorch does not support non-writable tensors. This means writing to this tensor will result in undefined behavior. You may want to copy the array to protect its data or make it writable before converting it to a tensor. This type of warning will be suppressed for the rest of this program. (Triggered internally at /pytorch/torch/csrc/utils/tensor_numpy.cpp:203.)
  d = {k: torch.from_numpy(np.ascontiguousarray(self.arr[k][i])).float()
[left] MAE=1.0538 MAE_low=0.9292
/root/storage/implementation/shared_audio/test_for_audio_implicit/data.py:37: UserWarning: The given NumPy array is not writable, and PyTorch does not support non-writable tensors. This means writing to this tensor will result in undefined behavior. You may want to copy the array to protect its data or make it writable before converting it to a tensor. This type of warning will be suppressed for the rest of this program. (Triggered internally at /pytorch/torch/csrc/utils/tensor_numpy.cpp:203.)
  d = {k: torch.from_numpy(np.ascontiguousarray(self.arr[k][i])).float()
/root/storage/implementation/shared_audio/test_for_audio_implicit/data.py:37: UserWarning: The given NumPy array is not writable, and PyTorch does not support non-writable tensors. This means writing to this tensor will result in undefined behavior. You may want to copy the array to protect its data or make it writable before converting it to a tensor. This type of warning will be suppressed for the rest of this program. (Triggered internally at /pytorch/torch/csrc/utils/tensor_numpy.cpp:203.)
  d = {k: torch.from_numpy(np.ascontiguousarray(self.arr[k][i])).float()
/root/storage/implementation/shared_audio/test_for_audio_implicit/data.py:37: UserWarning: The given NumPy array is not writable, and PyTorch does not support non-writable tensors. This means writing to this tensor will result in undefined behavior. You may want to copy the array to protect its data or make it writable before converting it to a tensor. This type of warning will be suppressed for the rest of this program. (Triggered internally at /pytorch/torch/csrc/utils/tensor_numpy.cpp:203.)
  d = {k: torch.from_numpy(np.ascontiguousarray(self.arr[k][i])).float()
/root/storage/implementation/shared_audio/test_for_audio_implicit/data.py:37: UserWarning: The given NumPy array is not writable, and PyTorch does not support non-writable tensors. This means writing to this tensor will result in undefined behavior. You may want to copy the array to protect its data or make it writable before converting it to a tensor. This type of warning will be suppressed for the rest of this program. (Triggered internally at /pytorch/torch/csrc/utils/tensor_numpy.cpp:203.)
  d = {k: torch.from_numpy(np.ascontiguousarray(self.arr[k][i])).float()
/root/storage/implementation/shared_audio/test_for_audio_implicit/data.py:37: UserWarning: The given NumPy array is not writable, and PyTorch does not support non-writable tensors. This means writing to this tensor will result in undefined behavior. You may want to copy the array to protect its data or make it writable before converting it to a tensor. This type of warning will be suppressed for the rest of this program. (Triggered internally at /pytorch/torch/csrc/utils/tensor_numpy.cpp:203.)
  d = {k: torch.from_numpy(np.ascontiguousarray(self.arr[k][i])).float()
/root/storage/implementation/shared_audio/test_for_audio_implicit/data.py:37: UserWarning: The given NumPy array is not writable, and PyTorch does not support non-writable tensors. This means writing to this tensor will result in undefined behavior. You may want to copy the array to protect its data or make it writable before converting it to a tensor. This type of warning will be suppressed for the rest of this program. (Triggered internally at /pytorch/torch/csrc/utils/tensor_numpy.cpp:203.)
  d = {k: torch.from_numpy(np.ascontiguousarray(self.arr[k][i])).float()
[right] MAE=1.0627 MAE_low=0.9375
/root/storage/implementation/shared_audio/test_for_audio_implicit/data.py:37: UserWarning: The given NumPy array is not writable, and PyTorch does not support non-writable tensors. This means writing to this tensor will result in undefined behavior. You may want to copy the array to protect its data or make it writable before converting it to a tensor. This type of warning will be suppressed for the rest of this program. (Triggered internally at /pytorch/torch/csrc/utils/tensor_numpy.cpp:203.)
  d = {k: torch.from_numpy(np.ascontiguousarray(self.arr[k][i])).float()
/root/storage/implementation/shared_audio/test_for_audio_implicit/data.py:37: UserWarning: The given NumPy array is not writable, and PyTorch does not support non-writable tensors. This means writing to this tensor will result in undefined behavior. You may want to copy the array to protect its data or make it writable before converting it to a tensor. This type of warning will be suppressed for the rest of this program. (Triggered internally at /pytorch/torch/csrc/utils/tensor_numpy.cpp:203.)
  d = {k: torch.from_numpy(np.ascontiguousarray(self.arr[k][i])).float()
/root/storage/implementation/shared_audio/test_for_audio_implicit/data.py:37: UserWarning: The given NumPy array is not writable, and PyTorch does not support non-writable tensors. This means writing to this tensor will result in undefined behavior. You may want to copy the array to protect its data or make it writable before converting it to a tensor. This type of warning will be suppressed for the rest of this program. (Triggered internally at /pytorch/torch/csrc/utils/tensor_numpy.cpp:203.)
  d = {k: torch.from_numpy(np.ascontiguousarray(self.arr[k][i])).float()
/root/storage/implementation/shared_audio/test_for_audio_implicit/data.py:37: UserWarning: The given NumPy array is not writable, and PyTorch does not support non-writable tensors. This means writing to this tensor will result in undefined behavior. You may want to copy the array to protect its data or make it writable before converting it to a tensor. This type of warning will be suppressed for the rest of this program. (Triggered internally at /pytorch/torch/csrc/utils/tensor_numpy.cpp:203.)
  d = {k: torch.from_numpy(np.ascontiguousarray(self.arr[k][i])).float()
/root/storage/implementation/shared_audio/test_for_audio_implicit/data.py:37: UserWarning: The given NumPy array is not writable, and PyTorch does not support non-writable tensors. This means writing to this tensor will result in undefined behavior. You may want to copy the array to protect its data or make it writable before converting it to a tensor. This type of warning will be suppressed for the rest of this program. (Triggered internally at /pytorch/torch/csrc/utils/tensor_numpy.cpp:203.)
  d = {k: torch.from_numpy(np.ascontiguousarray(self.arr[k][i])).float()
/root/storage/implementation/shared_audio/test_for_audio_implicit/data.py:37: UserWarning: The given NumPy array is not writable, and PyTorch does not support non-writable tensors. This means writing to this tensor will result in undefined behavior. You may want to copy the array to protect its data or make it writable before converting it to a tensor. This type of warning will be suppressed for the rest of this program. (Triggered internally at /pytorch/torch/csrc/utils/tensor_numpy.cpp:203.)
  d = {k: torch.from_numpy(np.ascontiguousarray(self.arr[k][i])).float()
[shuffle] MAE=1.0896 MAE_low=0.9666
/root/storage/implementation/shared_audio/test_for_audio_implicit/data.py:37: UserWarning: The given NumPy array is not writable, and PyTorch does not support non-writable tensors. This means writing to this tensor will result in undefined behavior. You may want to copy the array to protect its data or make it writable before converting it to a tensor. This type of warning will be suppressed for the rest of this program. (Triggered internally at /pytorch/torch/csrc/utils/tensor_numpy.cpp:203.)
  d = {k: torch.from_numpy(np.ascontiguousarray(self.arr[k][i])).float()
/root/storage/implementation/shared_audio/test_for_audio_implicit/data.py:37: UserWarning: The given NumPy array is not writable, and PyTorch does not support non-writable tensors. This means writing to this tensor will result in undefined behavior. You may want to copy the array to protect its data or make it writable before converting it to a tensor. This type of warning will be suppressed for the rest of this program. (Triggered internally at /pytorch/torch/csrc/utils/tensor_numpy.cpp:203.)
  d = {k: torch.from_numpy(np.ascontiguousarray(self.arr[k][i])).float()
/root/storage/implementation/shared_audio/test_for_audio_implicit/data.py:37: UserWarning: The given NumPy array is not writable, and PyTorch does not support non-writable tensors. This means writing to this tensor will result in undefined behavior. You may want to copy the array to protect its data or make it writable before converting it to a tensor. This type of warning will be suppressed for the rest of this program. (Triggered internally at /pytorch/torch/csrc/utils/tensor_numpy.cpp:203.)
  d = {k: torch.from_numpy(np.ascontiguousarray(self.arr[k][i])).float()
/root/storage/implementation/shared_audio/test_for_audio_implicit/data.py:37: UserWarning: The given NumPy array is not writable, and PyTorch does not support non-writable tensors. This means writing to this tensor will result in undefined behavior. You may want to copy the array to protect its data or make it writable before converting it to a tensor. This type of warning will be suppressed for the rest of this program. (Triggered internally at /pytorch/torch/csrc/utils/tensor_numpy.cpp:203.)
  d = {k: torch.from_numpy(np.ascontiguousarray(self.arr[k][i])).float()
/root/storage/implementation/shared_audio/test_for_audio_implicit/data.py:37: UserWarning: The given NumPy array is not writable, and PyTorch does not support non-writable tensors. This means writing to this tensor will result in undefined behavior. You may want to copy the array to protect its data or make it writable before converting it to a tensor. This type of warning will be suppressed for the rest of this program. (Triggered internally at /pytorch/torch/csrc/utils/tensor_numpy.cpp:203.)
  d = {k: torch.from_numpy(np.ascontiguousarray(self.arr[k][i])).float()
/root/storage/implementation/shared_audio/test_for_audio_implicit/data.py:37: UserWarning: The given NumPy array is not writable, and PyTorch does not support non-writable tensors. This means writing to this tensor will result in undefined behavior. You may want to copy the array to protect its data or make it writable before converting it to a tensor. This type of warning will be suppressed for the rest of this program. (Triggered internally at /pytorch/torch/csrc/utils/tensor_numpy.cpp:203.)
  d = {k: torch.from_numpy(np.ascontiguousarray(self.arr[k][i])).float()
[swap] MAE=1.0611 MAE_low=0.9387  swap_mirror_consistency=0.3280
[done] -> out/A6sec_s0/metrics_test.json
