[test] 3600 (cache:../test_for_audio_better/cache)
/root/storage/implementation/shared_audio/test_for_audio_implicit/data.py:37: UserWarning: The given NumPy array is not writable, and PyTorch does not support non-writable tensors. This means writing to this tensor will result in undefined behavior. You may want to copy the array to protect its data or make it writable before converting it to a tensor. This type of warning will be suppressed for the rest of this program. (Triggered internally at /pytorch/torch/csrc/utils/tensor_numpy.cpp:203.)
  d = {k: torch.from_numpy(np.ascontiguousarray(self.arr[k][i])).float()
/root/storage/implementation/shared_audio/test_for_audio_implicit/data.py:37: UserWarning: The given NumPy array is not writable, and PyTorch does not support non-writable tensors. This means writing to this tensor will result in undefined behavior. You may want to copy the array to protect its data or make it writable before converting it to a tensor. This type of warning will be suppressed for the rest of this program. (Triggered internally at /pytorch/torch/csrc/utils/tensor_numpy.cpp:203.)
  d = {k: torch.from_numpy(np.ascontiguousarray(self.arr[k][i])).float()
/root/storage/implementation/shared_audio/test_for_audio_implicit/data.py:37: UserWarning: The given NumPy array is not writable, and PyTorch does not support non-writable tensors. This means writing to this tensor will result in undefined behavior. You may want to copy the array to protect its data or make it writable before converting it to a tensor. This type of warning will be suppressed for the rest of this program. (Triggered internally at /pytorch/torch/csrc/utils/tensor_numpy.cpp:203.)
  d = {k: torch.from_numpy(np.ascontiguousarray(self.arr[k][i])).float()
/root/storage/implementation/shared_audio/test_for_audio_implicit/data.py:37: UserWarning: The given NumPy array is not writable, and PyTorch does not support non-writable tensors. This means writing to this tensor will result in undefined behavior. You may want to copy the array to protect its data or make it writable before converting it to a tensor. This type of warning will be suppressed for the rest of this program. (Triggered internally at /pytorch/torch/csrc/utils/tensor_numpy.cpp:203.)
  d = {k: torch.from_numpy(np.ascontiguousarray(self.arr[k][i])).float()
/root/storage/implementation/shared_audio/test_for_audio_implicit/data.py:37: UserWarning: The given NumPy array is not writable, and PyTorch does not support non-writable tensors. This means writing to this tensor will result in undefined behavior. You may want to copy the array to protect its data or make it writable before converting it to a tensor. This type of warning will be suppressed for the rest of this program. (Triggered internally at /pytorch/torch/csrc/utils/tensor_numpy.cpp:203.)
  d = {k: torch.from_numpy(np.ascontiguousarray(self.arr[k][i])).float()
/root/storage/implementation/shared_audio/test_for_audio_implicit/data.py:37: UserWarning: The given NumPy array is not writable, and PyTorch does not support non-writable tensors. This means writing to this tensor will result in undefined behavior. You may want to copy the array to protect its data or make it writable before converting it to a tensor. This type of warning will be suppressed for the rest of this program. (Triggered internally at /pytorch/torch/csrc/utils/tensor_numpy.cpp:203.)
  d = {k: torch.from_numpy(np.ascontiguousarray(self.arr[k][i])).float()
[test] MAE=0.9295 MAE_low=0.7936 SHcoefL1=0.3537 delta1=0.421
/root/storage/implementation/shared_audio/test_for_audio_implicit/data.py:37: UserWarning: The given NumPy array is not writable, and PyTorch does not support non-writable tensors. This means writing to this tensor will result in undefined behavior. You may want to copy the array to protect its data or make it writable before converting it to a tensor. This type of warning will be suppressed for the rest of this program. (Triggered internally at /pytorch/torch/csrc/utils/tensor_numpy.cpp:203.)
  d = {k: torch.from_numpy(np.ascontiguousarray(self.arr[k][i])).float()
/root/storage/implementation/shared_audio/test_for_audio_implicit/data.py:37: UserWarning: The given NumPy array is not writable, and PyTorch does not support non-writable tensors. This means writing to this tensor will result in undefined behavior. You may want to copy the array to protect its data or make it writable before converting it to a tensor. This type of warning will be suppressed for the rest of this program. (Triggered internally at /pytorch/torch/csrc/utils/tensor_numpy.cpp:203.)
  d = {k: torch.from_numpy(np.ascontiguousarray(self.arr[k][i])).float()
/root/storage/implementation/shared_audio/test_for_audio_implicit/data.py:37: UserWarning: The given NumPy array is not writable, and PyTorch does not support non-writable tensors. This means writing to this tensor will result in undefined behavior. You may want to copy the array to protect its data or make it writable before converting it to a tensor. This type of warning will be suppressed for the rest of this program. (Triggered internally at /pytorch/torch/csrc/utils/tensor_numpy.cpp:203.)
  d = {k: torch.from_numpy(np.ascontiguousarray(self.arr[k][i])).float()
/root/storage/implementation/shared_audio/test_for_audio_implicit/data.py:37: UserWarning: The given NumPy array is not writable, and PyTorch does not support non-writable tensors. This means writing to this tensor will result in undefined behavior. You may want to copy the array to protect its data or make it writable before converting it to a tensor. This type of warning will be suppressed for the rest of this program. (Triggered internally at /pytorch/torch/csrc/utils/tensor_numpy.cpp:203.)
  d = {k: torch.from_numpy(np.ascontiguousarray(self.arr[k][i])).float()
/root/storage/implementation/shared_audio/test_for_audio_implicit/data.py:37: UserWarning: The given NumPy array is not writable, and PyTorch does not support non-writable tensors. This means writing to this tensor will result in undefined behavior. You may want to copy the array to protect its data or make it writable before converting it to a tensor. This type of warning will be suppressed for the rest of this program. (Triggered internally at /pytorch/torch/csrc/utils/tensor_numpy.cpp:203.)
  d = {k: torch.from_numpy(np.ascontiguousarray(self.arr[k][i])).float()
/root/storage/implementation/shared_audio/test_for_audio_implicit/data.py:37: UserWarning: The given NumPy array is not writable, and PyTorch does not support non-writable tensors. This means writing to this tensor will result in undefined behavior. You may want to copy the array to protect its data or make it writable before converting it to a tensor. This type of warning will be suppressed for the rest of this program. (Triggered internally at /pytorch/torch/csrc/utils/tensor_numpy.cpp:203.)
  d = {k: torch.from_numpy(np.ascontiguousarray(self.arr[k][i])).float()
[mono] MAE=1.0505 MAE_low=0.9183
/root/storage/implementation/shared_audio/test_for_audio_implicit/data.py:37: UserWarning: The given NumPy array is not writable, and PyTorch does not support non-writable tensors. This means writing to this tensor will result in undefined behavior. You may want to copy the array to protect its data or make it writable before converting it to a tensor. This type of warning will be suppressed for the rest of this program. (Triggered internally at /pytorch/torch/csrc/utils/tensor_numpy.cpp:203.)
  d = {k: torch.from_numpy(np.ascontiguousarray(self.arr[k][i])).float()
/root/storage/implementation/shared_audio/test_for_audio_implicit/data.py:37: UserWarning: The given NumPy array is not writable, and PyTorch does not support non-writable tensors. This means writing to this tensor will result in undefined behavior. You may want to copy the array to protect its data or make it writable before converting it to a tensor. This type of warning will be suppressed for the rest of this program. (Triggered internally at /pytorch/torch/csrc/utils/tensor_numpy.cpp:203.)
  d = {k: torch.from_numpy(np.ascontiguousarray(self.arr[k][i])).float()
/root/storage/implementation/shared_audio/test_for_audio_implicit/data.py:37: UserWarning: The given NumPy array is not writable, and PyTorch does not support non-writable tensors. This means writing to this tensor will result in undefined behavior. You may want to copy the array to protect its data or make it writable before converting it to a tensor. This type of warning will be suppressed for the rest of this program. (Triggered internally at /pytorch/torch/csrc/utils/tensor_numpy.cpp:203.)
  d = {k: torch.from_numpy(np.ascontiguousarray(self.arr[k][i])).float()
/root/storage/implementation/shared_audio/test_for_audio_implicit/data.py:37: UserWarning: The given NumPy array is not writable, and PyTorch does not support non-writable tensors. This means writing to this tensor will result in undefined behavior. You may want to copy the array to protect its data or make it writable before converting it to a tensor. This type of warning will be suppressed for the rest of this program. (Triggered internally at /pytorch/torch/csrc/utils/tensor_numpy.cpp:203.)
  d = {k: torch.from_numpy(np.ascontiguousarray(self.arr[k][i])).float()
/root/storage/implementation/shared_audio/test_for_audio_implicit/data.py:37: UserWarning: The given NumPy array is not writable, and PyTorch does not support non-writable tensors. This means writing to this tensor will result in undefined behavior. You may want to copy the array to protect its data or make it writable before converting it to a tensor. This type of warning will be suppressed for the rest of this program. (Triggered internally at /pytorch/torch/csrc/utils/tensor_numpy.cpp:203.)
  d = {k: torch.from_numpy(np.ascontiguousarray(self.arr[k][i])).float()
/root/storage/implementation/shared_audio/test_for_audio_implicit/data.py:37: UserWarning: The given NumPy array is not writable, and PyTorch does not support non-writable tensors. This means writing to this tensor will result in undefined behavior. You may want to copy the array to protect its data or make it writable before converting it to a tensor. This type of warning will be suppressed for the rest of this program. (Triggered internally at /pytorch/torch/csrc/utils/tensor_numpy.cpp:203.)
  d = {k: torch.from_numpy(np.ascontiguousarray(self.arr[k][i])).float()
[left] MAE=1.0569 MAE_low=0.9263
/root/storage/implementation/shared_audio/test_for_audio_implicit/data.py:37: UserWarning: The given NumPy array is not writable, and PyTorch does not support non-writable tensors. This means writing to this tensor will result in undefined behavior. You may want to copy the array to protect its data or make it writable before converting it to a tensor. This type of warning will be suppressed for the rest of this program. (Triggered internally at /pytorch/torch/csrc/utils/tensor_numpy.cpp:203.)
  d = {k: torch.from_numpy(np.ascontiguousarray(self.arr[k][i])).float()
/root/storage/implementation/shared_audio/test_for_audio_implicit/data.py:37: UserWarning: The given NumPy array is not writable, and PyTorch does not support non-writable tensors. This means writing to this tensor will result in undefined behavior. You may want to copy the array to protect its data or make it writable before converting it to a tensor. This type of warning will be suppressed for the rest of this program. (Triggered internally at /pytorch/torch/csrc/utils/tensor_numpy.cpp:203.)
  d = {k: torch.from_numpy(np.ascontiguousarray(self.arr[k][i])).float()
/root/storage/implementation/shared_audio/test_for_audio_implicit/data.py:37: UserWarning: The given NumPy array is not writable, and PyTorch does not support non-writable tensors. This means writing to this tensor will result in undefined behavior. You may want to copy the array to protect its data or make it writable before converting it to a tensor. This type of warning will be suppressed for the rest of this program. (Triggered internally at /pytorch/torch/csrc/utils/tensor_numpy.cpp:203.)
  d = {k: torch.from_numpy(np.ascontiguousarray(self.arr[k][i])).float()
/root/storage/implementation/shared_audio/test_for_audio_implicit/data.py:37: UserWarning: The given NumPy array is not writable, and PyTorch does not support non-writable tensors. This means writing to this tensor will result in undefined behavior. You may want to copy the array to protect its data or make it writable before converting it to a tensor. This type of warning will be suppressed for the rest of this program. (Triggered internally at /pytorch/torch/csrc/utils/tensor_numpy.cpp:203.)
  d = {k: torch.from_numpy(np.ascontiguousarray(self.arr[k][i])).float()
/root/storage/implementation/shared_audio/test_for_audio_implicit/data.py:37: UserWarning: The given NumPy array is not writable, and PyTorch does not support non-writable tensors. This means writing to this tensor will result in undefined behavior. You may want to copy the array to protect its data or make it writable before converting it to a tensor. This type of warning will be suppressed for the rest of this program. (Triggered internally at /pytorch/torch/csrc/utils/tensor_numpy.cpp:203.)
  d = {k: torch.from_numpy(np.ascontiguousarray(self.arr[k][i])).float()
/root/storage/implementation/shared_audio/test_for_audio_implicit/data.py:37: UserWarning: The given NumPy array is not writable, and PyTorch does not support non-writable tensors. This means writing to this tensor will result in undefined behavior. You may want to copy the array to protect its data or make it writable before converting it to a tensor. This type of warning will be suppressed for the rest of this program. (Triggered internally at /pytorch/torch/csrc/utils/tensor_numpy.cpp:203.)
  d = {k: torch.from_numpy(np.ascontiguousarray(self.arr[k][i])).float()
[right] MAE=1.0665 MAE_low=0.9347
/root/storage/implementation/shared_audio/test_for_audio_implicit/data.py:37: UserWarning: The given NumPy array is not writable, and PyTorch does not support non-writable tensors. This means writing to this tensor will result in undefined behavior. You may want to copy the array to protect its data or make it writable before converting it to a tensor. This type of warning will be suppressed for the rest of this program. (Triggered internally at /pytorch/torch/csrc/utils/tensor_numpy.cpp:203.)
  d = {k: torch.from_numpy(np.ascontiguousarray(self.arr[k][i])).float()
/root/storage/implementation/shared_audio/test_for_audio_implicit/data.py:37: UserWarning: The given NumPy array is not writable, and PyTorch does not support non-writable tensors. This means writing to this tensor will result in undefined behavior. You may want to copy the array to protect its data or make it writable before converting it to a tensor. This type of warning will be suppressed for the rest of this program. (Triggered internally at /pytorch/torch/csrc/utils/tensor_numpy.cpp:203.)
  d = {k: torch.from_numpy(np.ascontiguousarray(self.arr[k][i])).float()
/root/storage/implementation/shared_audio/test_for_audio_implicit/data.py:37: UserWarning: The given NumPy array is not writable, and PyTorch does not support non-writable tensors. This means writing to this tensor will result in undefined behavior. You may want to copy the array to protect its data or make it writable before converting it to a tensor. This type of warning will be suppressed for the rest of this program. (Triggered internally at /pytorch/torch/csrc/utils/tensor_numpy.cpp:203.)
  d = {k: torch.from_numpy(np.ascontiguousarray(self.arr[k][i])).float()
/root/storage/implementation/shared_audio/test_for_audio_implicit/data.py:37: UserWarning: The given NumPy array is not writable, and PyTorch does not support non-writable tensors. This means writing to this tensor will result in undefined behavior. You may want to copy the array to protect its data or make it writable before converting it to a tensor. This type of warning will be suppressed for the rest of this program. (Triggered internally at /pytorch/torch/csrc/utils/tensor_numpy.cpp:203.)
  d = {k: torch.from_numpy(np.ascontiguousarray(self.arr[k][i])).float()
/root/storage/implementation/shared_audio/test_for_audio_implicit/data.py:37: UserWarning: The given NumPy array is not writable, and PyTorch does not support non-writable tensors. This means writing to this tensor will result in undefined behavior. You may want to copy the array to protect its data or make it writable before converting it to a tensor. This type of warning will be suppressed for the rest of this program. (Triggered internally at /pytorch/torch/csrc/utils/tensor_numpy.cpp:203.)
  d = {k: torch.from_numpy(np.ascontiguousarray(self.arr[k][i])).float()
/root/storage/implementation/shared_audio/test_for_audio_implicit/data.py:37: UserWarning: The given NumPy array is not writable, and PyTorch does not support non-writable tensors. This means writing to this tensor will result in undefined behavior. You may want to copy the array to protect its data or make it writable before converting it to a tensor. This type of warning will be suppressed for the rest of this program. (Triggered internally at /pytorch/torch/csrc/utils/tensor_numpy.cpp:203.)
  d = {k: torch.from_numpy(np.ascontiguousarray(self.arr[k][i])).float()
[shuffle] MAE=1.1080 MAE_low=0.9742
/root/storage/implementation/shared_audio/test_for_audio_implicit/data.py:37: UserWarning: The given NumPy array is not writable, and PyTorch does not support non-writable tensors. This means writing to this tensor will result in undefined behavior. You may want to copy the array to protect its data or make it writable before converting it to a tensor. This type of warning will be suppressed for the rest of this program. (Triggered internally at /pytorch/torch/csrc/utils/tensor_numpy.cpp:203.)
  d = {k: torch.from_numpy(np.ascontiguousarray(self.arr[k][i])).float()
/root/storage/implementation/shared_audio/test_for_audio_implicit/data.py:37: UserWarning: The given NumPy array is not writable, and PyTorch does not support non-writable tensors. This means writing to this tensor will result in undefined behavior. You may want to copy the array to protect its data or make it writable before converting it to a tensor. This type of warning will be suppressed for the rest of this program. (Triggered internally at /pytorch/torch/csrc/utils/tensor_numpy.cpp:203.)
  d = {k: torch.from_numpy(np.ascontiguousarray(self.arr[k][i])).float()
/root/storage/implementation/shared_audio/test_for_audio_implicit/data.py:37: UserWarning: The given NumPy array is not writable, and PyTorch does not support non-writable tensors. This means writing to this tensor will result in undefined behavior. You may want to copy the array to protect its data or make it writable before converting it to a tensor. This type of warning will be suppressed for the rest of this program. (Triggered internally at /pytorch/torch/csrc/utils/tensor_numpy.cpp:203.)
  d = {k: torch.from_numpy(np.ascontiguousarray(self.arr[k][i])).float()
/root/storage/implementation/shared_audio/test_for_audio_implicit/data.py:37: UserWarning: The given NumPy array is not writable, and PyTorch does not support non-writable tensors. This means writing to this tensor will result in undefined behavior. You may want to copy the array to protect its data or make it writable before converting it to a tensor. This type of warning will be suppressed for the rest of this program. (Triggered internally at /pytorch/torch/csrc/utils/tensor_numpy.cpp:203.)
  d = {k: torch.from_numpy(np.ascontiguousarray(self.arr[k][i])).float()
/root/storage/implementation/shared_audio/test_for_audio_implicit/data.py:37: UserWarning: The given NumPy array is not writable, and PyTorch does not support non-writable tensors. This means writing to this tensor will result in undefined behavior. You may want to copy the array to protect its data or make it writable before converting it to a tensor. This type of warning will be suppressed for the rest of this program. (Triggered internally at /pytorch/torch/csrc/utils/tensor_numpy.cpp:203.)
  d = {k: torch.from_numpy(np.ascontiguousarray(self.arr[k][i])).float()
/root/storage/implementation/shared_audio/test_for_audio_implicit/data.py:37: UserWarning: The given NumPy array is not writable, and PyTorch does not support non-writable tensors. This means writing to this tensor will result in undefined behavior. You may want to copy the array to protect its data or make it writable before converting it to a tensor. This type of warning will be suppressed for the rest of this program. (Triggered internally at /pytorch/torch/csrc/utils/tensor_numpy.cpp:203.)
  d = {k: torch.from_numpy(np.ascontiguousarray(self.arr[k][i])).float()
[swap] MAE=1.0877 MAE_low=0.9549  swap_mirror_consistency=0.2726
[done] -> out/T_all/metrics_test.json
